#
# There is insufficient memory for the Java Runtime Environment to continue.
# Native memory allocation (mmap) failed to map 216006656 bytes for committing reserved memory.
# Possible reasons:
#   The system is out of physical RAM or swap space
#   In 32 bit mode, the process size limit was hit
# Possible solutions:
#   Reduce memory load on the system
#   Increase physical memory or swap space
#   Check if swap backing store is full
#   Use 64 bit Java on a 64 bit OS
#   Decrease Java heap size (-Xmx/-Xms)
#   Decrease number of Java threads
#   Decrease Java thread stack sizes (-Xss)
#   Set larger code cache with -XX:ReservedCodeCacheSize=
# This output file may be truncated or incomplete.
#
#  Out of Memory Error (os_linux.cpp:2640), pid=7589, tid=0x00007f0216db7700
#
# JRE version: OpenJDK Runtime Environment (8.0_152-b01) (build 1.8.0_152-release-915-b01)
# Java VM: OpenJDK 64-Bit Server VM (25.152-b01 mixed mode linux-amd64 compressed oops)
# Core dump written. Default location: /home/abdelmageed/AndroidStudioProjects/BuyBuyApp/app/core or core.7589
#

---------------  T H R E A D  ---------------

Current thread (0x00007f0240078800):  VMThread [stack: 0x00007f0216cb7000,0x00007f0216db8000] [id=7598]

Stack: [0x00007f0216cb7000,0x00007f0216db8000],  sp=0x00007f0216db6470,  free space=1021k
Native frames: (J=compiled Java code, j=interpreted, Vv=VM code, C=native code)
V  [libjvm.so+0x9eb15d]  VMError::report_and_die()+0x15d
V  [libjvm.so+0x4b8eaa]  report_vm_out_of_memory(char const*, int, unsigned long, VMErrorType, char const*)+0x8a
V  [libjvm.so+0x851370]  os::pd_commit_memory(char*, unsigned long, unsigned long, bool)+0xf0
V  [libjvm.so+0x84be8f]  os::commit_memory(char*, unsigned long, unsigned long, bool)+0x1f
V  [libjvm.so+0x8c261b]  PSVirtualSpace::expand_by(unsigned long)+0x5b
V  [libjvm.so+0x8c3290]  PSYoungGen::resize_generation(unsigned long, unsigned long)+0xb0
V  [libjvm.so+0x8c35ab]  PSYoungGen::resize(unsigned long, unsigned long)+0x1b
V  [libjvm.so+0x8bfc9c]  PSScavenge::invoke_no_policy()+0xdac
V  [libjvm.so+0x8c0478]  PSScavenge::invoke()+0x38
V  [libjvm.so+0x8748f3]  ParallelScavengeHeap::failed_mem_allocate(unsigned long)+0x63
V  [libjvm.so+0x9ecc84]  VM_ParallelGCFailedAllocation::doit()+0x84
V  [libjvm.so+0x9f1197]  VM_Operation::evaluate()+0x47
V  [libjvm.so+0x9efb78]  VMThread::evaluate_operation(VM_Operation*)+0x2c8
V  [libjvm.so+0x9efff9]  VMThread::loop()+0x219
V  [libjvm.so+0x9f0442]  VMThread::run()+0x72
V  [libjvm.so+0x84e792]  java_start(Thread*)+0xf2

VM_Operation (0x00007f0216228740): ParallelGCFailedAllocation, mode: safepoint, requested by thread 0x00007f024018f000


---------------  P R O C E S S  ---------------

Java Threads: ( => current thread )
  0x00007f024019c800 JavaThread "pool-2-thread-4" [_thread_blocked, id=7611, stack(0x00007f0215f28000,0x00007f0216029000)]
  0x00007f024019b000 JavaThread "pool-2-thread-3" [_thread_blocked, id=7610, stack(0x00007f0216029000,0x00007f021612a000)]
  0x00007f024018f000 JavaThread "pool-2-thread-2" [_thread_blocked, id=7609, stack(0x00007f021612a000,0x00007f021622b000)]
  0x00007f024018d000 JavaThread "pool-3-thread-1" [_thread_blocked, id=7608, stack(0x00007f021622b000,0x00007f021632c000)]
  0x00007f024018b800 JavaThread "pool-2-thread-1" [_thread_blocked, id=7607, stack(0x00007f021632c000,0x00007f021642d000)]
  0x00007f02400c0800 JavaThread "Service Thread" daemon [_thread_blocked, id=7605, stack(0x00007f02165b0000,0x00007f02166b1000)]
  0x00007f02400bd800 JavaThread "C1 CompilerThread2" daemon [_thread_blocked, id=7604, stack(0x00007f02166b1000,0x00007f02167b2000)]
  0x00007f02400bb800 JavaThread "C2 CompilerThread1" daemon [_thread_blocked, id=7603, stack(0x00007f02167b2000,0x00007f02168b3000)]
  0x00007f02400a7000 JavaThread "C2 CompilerThread0" daemon [_thread_blocked, id=7602, stack(0x00007f02168b3000,0x00007f02169b4000)]
  0x00007f02400b6800 JavaThread "Signal Dispatcher" daemon [_thread_blocked, id=7601, stack(0x00007f02169b4000,0x00007f0216ab5000)]
  0x00007f0240084800 JavaThread "Finalizer" daemon [_thread_blocked, id=7600, stack(0x00007f0216ab5000,0x00007f0216bb6000)]
  0x00007f0240080000 JavaThread "Reference Handler" daemon [_thread_blocked, id=7599, stack(0x00007f0216bb6000,0x00007f0216cb7000)]
  0x00007f024000b800 JavaThread "main" [_thread_blocked, id=7593, stack(0x00007f0248523000,0x00007f0248624000)]

Other Threads:
=>0x00007f0240078800 VMThread [stack: 0x00007f0216cb7000,0x00007f0216db8000] [id=7598]
  0x00007f02400c3000 WatcherThread [stack: 0x00007f02164af000,0x00007f02165b0000] [id=7606]

VM state:at safepoint (normal execution)

VM Mutex/Monitor currently owned by a thread:  ([mutex/lock_event])
[0x00007f0240008680] Threads_lock - owner thread: 0x00007f0240078800
[0x00007f0240008b80] Heap_lock - owner thread: 0x00007f024018f000

Heap:
 PSYoungGen      total 207360K, used 23017K [0x000000076ab00000, 0x0000000779000000, 0x00000007c0000000)
  eden space 184320K, 0% used [0x000000076ab00000,0x000000076ab00000,0x0000000775f00000)
  from space 23040K, 99% used [0x0000000775f00000,0x000000077757a420,0x0000000777580000)
  to   space 18944K, 0% used [0x0000000777580000,0x0000000777580000,0x0000000778800000)
 ParOldGen       total 61440K, used 46196K [0x00000006c0000000, 0x00000006c3c00000, 0x000000076ab00000)
  object space 61440K, 75% used [0x00000006c0000000,0x00000006c2d1d0f0,0x00000006c3c00000)
 Metaspace       used 6442K, capacity 7280K, committed 7552K, reserved 1056768K
  class space    used 600K, capacity 616K, committed 640K, reserved 1048576K

Card table byte_map: [0x00007f0244974000,0x00007f0245175000] byte_map_base: 0x00007f0241374000

Marking Bits: (ParMarkBitMap*) 0x00007f02479d23e0
 Begin Bits: [0x00007f0218000000, 0x00007f021c000000)
 End Bits:   [0x00007f021c000000, 0x00007f0220000000)

Polling page: 0x00007f0248644000

CodeCache: size=245760Kb used=8060Kb max_used=8060Kb free=237699Kb
 bounds [0x00007f0231000000, 0x00007f02317f0000, 0x00007f0240000000]
 total_blobs=2337 nmethods=2074 adapters=178
 compilation: enabled

Compilation events (10 events):
Event: 5.608 Thread 0x00007f02400bd800 2286       2       com.android.dx.ssa.DeadCodeRemover$NoSideEffectVisitor::visitMoveInsn (22 bytes)
Event: 5.608 Thread 0x00007f02400bd800 nmethod 2286 0x00007f02317e1f90 code [0x00007f02317e2100, 0x00007f02317e22f8]
Event: 5.616 Thread 0x00007f02400bd800 2288       2       com.android.dx.rop.code.RegisterSpecSet::get (9 bytes)
Event: 5.617 Thread 0x00007f02400bd800 nmethod 2288 0x00007f02317e2490 code [0x00007f02317e2600, 0x00007f02317e2848]
Event: 5.670 Thread 0x00007f02400bd800 2289   !   2       com.android.dx.cf.direct.DirectClassFile::parse (75 bytes)
Event: 5.671 Thread 0x00007f02400bd800 nmethod 2289 0x00007f02317e2a50 code [0x00007f02317e2c60, 0x00007f02317e3338]
Event: 5.690 Thread 0x00007f02400bd800 2291   !   2       com.android.dx.rop.code.RegisterSpecSet::remove (30 bytes)
Event: 5.691 Thread 0x00007f02400bd800 nmethod 2291 0x00007f02317e3790 code [0x00007f02317e3900, 0x00007f02317e3b68]
Event: 5.691 Thread 0x00007f02400bd800 2292       2       com.android.dx.rop.cst.StdConstantPool::size (6 bytes)
Event: 5.691 Thread 0x00007f02400bd800 nmethod 2292 0x00007f02317e3d50 code [0x00007f02317e3ea0, 0x00007f02317e3ff0]

GC Heap History (10 events):
Event: 0.418 GC heap after
Heap after GC invocations=2 (full 0):
 PSYoungGen      total 50688K, used 2080K [0x000000076ab00000, 0x000000076e000000, 0x00000007c0000000)
  eden space 47104K, 0% used [0x000000076ab00000,0x000000076ab00000,0x000000076d900000)
  from space 3584K, 58% used [0x000000076dc80000,0x000000076de88000,0x000000076e000000)
  to   space 3584K, 0% used [0x000000076d900000,0x000000076d900000,0x000000076dc80000)
 ParOldGen       total 61440K, used 8K [0x00000006c0000000, 0x00000006c3c00000, 0x000000076ab00000)
  object space 61440K, 0% used [0x00000006c0000000,0x00000006c0002000,0x00000006c3c00000)
 Metaspace       used 3485K, capacity 4784K, committed 5120K, reserved 1056768K
  class space    used 366K, capacity 424K, committed 512K, reserved 1048576K
}
Event: 1.540 GC heap before
{Heap before GC invocations=3 (full 0):
 PSYoungGen      total 50688K, used 49184K [0x000000076ab00000, 0x000000076e000000, 0x00000007c0000000)
  eden space 47104K, 100% used [0x000000076ab00000,0x000000076d900000,0x000000076d900000)
  from space 3584K, 58% used [0x000000076dc80000,0x000000076de88000,0x000000076e000000)
  to   space 3584K, 0% used [0x000000076d900000,0x000000076d900000,0x000000076dc80000)
 ParOldGen       total 61440K, used 8K [0x00000006c0000000, 0x00000006c3c00000, 0x000000076ab00000)
  object space 61440K, 0% used [0x00000006c0000000,0x00000006c0002000,0x00000006c3c00000)
 Metaspace       used 5836K, capacity 6832K, committed 7040K, reserved 1056768K
  class space    used 582K, capacity 616K, committed 640K, reserved 1048576K
Event: 1.563 GC heap after
Heap after GC invocations=3 (full 0):
 PSYoungGen      total 50688K, used 3562K [0x000000076ab00000, 0x0000000770e00000, 0x00000007c0000000)
  eden space 47104K, 0% used [0x000000076ab00000,0x000000076ab00000,0x000000076d900000)
  from space 3584K, 99% used [0x000000076d900000,0x000000076dc7ab38,0x000000076dc80000)
  to   space 3584K, 0% used [0x0000000770a80000,0x0000000770a80000,0x0000000770e00000)
 ParOldGen       total 61440K, used 4777K [0x00000006c0000000, 0x00000006c3c00000, 0x000000076ab00000)
  object space 61440K, 7% used [0x00000006c0000000,0x00000006c04aa518,0x00000006c3c00000)
 Metaspace       used 5836K, capacity 6832K, committed 7040K, reserved 1056768K
  class space    used 582K, capacity 616K, committed 640K, reserved 1048576K
}
Event: 2.265 GC heap before
{Heap before GC invocations=4 (full 0):
 PSYoungGen      total 50688K, used 50666K [0x000000076ab00000, 0x0000000770e00000, 0x00000007c0000000)
  eden space 47104K, 100% used [0x000000076ab00000,0x000000076d900000,0x000000076d900000)
  from space 3584K, 99% used [0x000000076d900000,0x000000076dc7ab38,0x000000076dc80000)
  to   space 3584K, 0% used [0x0000000770a80000,0x0000000770a80000,0x0000000770e00000)
 ParOldGen       total 61440K, used 4777K [0x00000006c0000000, 0x00000006c3c00000, 0x000000076ab00000)
  object space 61440K, 7% used [0x00000006c0000000,0x00000006c04aa518,0x00000006c3c00000)
 Metaspace       used 5920K, capacity 6960K, committed 7040K, reserved 1056768K
  class space    used 582K, capacity 616K, committed 640K, reserved 1048576K
Event: 2.284 GC heap after
Heap after GC invocations=4 (full 0):
 PSYoungGen      total 97792K, used 3561K [0x000000076ab00000, 0x0000000770e00000, 0x00000007c0000000)
  eden space 94208K, 0% used [0x000000076ab00000,0x000000076ab00000,0x0000000770700000)
  from space 3584K, 99% used [0x0000000770a80000,0x0000000770dfa588,0x0000000770e00000)
  to   space 3584K, 0% used [0x0000000770700000,0x0000000770700000,0x0000000770a80000)
 ParOldGen       total 61440K, used 12393K [0x00000006c0000000, 0x00000006c3c00000, 0x000000076ab00000)
  object space 61440K, 20% used [0x00000006c0000000,0x00000006c0c1a658,0x00000006c3c00000)
 Metaspace       used 5920K, capacity 6960K, committed 7040K, reserved 1056768K
  class space    used 582K, capacity 616K, committed 640K, reserved 1048576K
}
Event: 3.336 GC heap before
{Heap before GC invocations=5 (full 0):
 PSYoungGen      total 97792K, used 97769K [0x000000076ab00000, 0x0000000770e00000, 0x00000007c0000000)
  eden space 94208K, 100% used [0x000000076ab00000,0x0000000770700000,0x0000000770700000)
  from space 3584K, 99% used [0x0000000770a80000,0x0000000770dfa588,0x0000000770e00000)
  to   space 3584K, 0% used [0x0000000770700000,0x0000000770700000,0x0000000770a80000)
 ParOldGen       total 61440K, used 12393K [0x00000006c0000000, 0x00000006c3c00000, 0x000000076ab00000)
  object space 61440K, 20% used [0x00000006c0000000,0x00000006c0c1a658,0x00000006c3c00000)
 Metaspace       used 6154K, capacity 7088K, committed 7296K, reserved 1056768K
  class space    used 600K, capacity 616K, committed 640K, reserved 1048576K
Event: 3.392 GC heap after
Heap after GC invocations=5 (full 0):
 PSYoungGen      total 97792K, used 3567K [0x000000076ab00000, 0x0000000778800000, 0x00000007c0000000)
  eden space 94208K, 0% used [0x000000076ab00000,0x000000076ab00000,0x0000000770700000)
  from space 3584K, 99% used [0x0000000770700000,0x0000000770a7bd00,0x0000000770a80000)
  to   space 18944K, 0% used [0x0000000777580000,0x0000000777580000,0x0000000778800000)
 ParOldGen       total 61440K, used 25555K [0x00000006c0000000, 0x00000006c3c00000, 0x000000076ab00000)
  object space 61440K, 41% used [0x00000006c0000000,0x00000006c18f4ef0,0x00000006c3c00000)
 Metaspace       used 6154K, capacity 7088K, committed 7296K, reserved 1056768K
  class space    used 600K, capacity 616K, committed 640K, reserved 1048576K
}
Event: 4.267 GC heap before
{Heap before GC invocations=6 (full 0):
 PSYoungGen      total 97792K, used 97775K [0x000000076ab00000, 0x0000000778800000, 0x00000007c0000000)
  eden space 94208K, 100% used [0x000000076ab00000,0x0000000770700000,0x0000000770700000)
  from space 3584K, 99% used [0x0000000770700000,0x0000000770a7bd00,0x0000000770a80000)
  to   space 18944K, 0% used [0x0000000777580000,0x0000000777580000,0x0000000778800000)
 ParOldGen       total 61440K, used 25555K [0x00000006c0000000, 0x00000006c3c00000, 0x000000076ab00000)
  object space 61440K, 41% used [0x00000006c0000000,0x00000006c18f4ef0,0x00000006c3c00000)
 Metaspace       used 6233K, capacity 7152K, committed 7296K, reserved 1056768K
  class space    used 600K, capacity 616K, committed 640K, reserved 1048576K
Event: 4.338 GC heap after
Heap after GC invocations=6 (full 0):
 PSYoungGen      total 203264K, used 18239K [0x000000076ab00000, 0x0000000779000000, 0x00000007c0000000)
  eden space 184320K, 0% used [0x000000076ab00000,0x000000076ab00000,0x0000000775f00000)
  from space 18944K, 96% used [0x0000000777580000,0x000000077874fe08,0x0000000778800000)
  to   space 23040K, 0% used [0x0000000775f00000,0x0000000775f00000,0x0000000777580000)
 ParOldGen       total 61440K, used 25555K [0x00000006c0000000, 0x00000006c3c00000, 0x000000076ab00000)
  object space 61440K, 41% used [0x00000006c0000000,0x00000006c18f4ef0,0x00000006c3c00000)
 Metaspace       used 6233K, capacity 7152K, committed 7296K, reserved 1056768K
  class space    used 600K, capacity 616K, committed 640K, reserved 1048576K
}
Event: 5.712 GC heap before
{Heap before GC invocations=7 (full 0):
 PSYoungGen      total 203264K, used 202559K [0x000000076ab00000, 0x0000000779000000, 0x00000007c0000000)
  eden space 184320K, 100% used [0x000000076ab00000,0x0000000775f00000,0x0000000775f00000)
  from space 18944K, 96% used [0x0000000777580000,0x000000077874fe08,0x0000000778800000)
  to   space 23040K, 0% used [0x0000000775f00000,0x0000000775f00000,0x0000000777580000)
 ParOldGen       total 61440K, used 25555K [0x00000006c0000000, 0x00000006c3c00000, 0x000000076ab00000)
  object space 61440K, 41% used [0x00000006c0000000,0x00000006c18f4ef0,0x00000006c3c00000)
 Metaspace       used 6442K, capacity 7280K, committed 7552K, reserved 1056768K
  class space    used 600K, capacity 616K, committed 640K, reserved 1048576K

Deoptimization events (10 events):
Event: 3.081 Thread 0x00007f024019b000 Uncommon trap: reason=unstable_if action=reinterpret pc=0x00007f02313d0e5c method=com.android.dx.dex.code.OutputFinisher.hasLocalInfo(Lcom/android/dx/dex/code/DalvInsn;)Z @ 24
Event: 3.667 Thread 0x00007f024019b000 Uncommon trap: reason=unstable_if action=reinterpret pc=0x00007f02314e83d8 method=com.android.dx.ssa.SCCP.simulateStmt(Lcom/android/dx/ssa/SsaInsn;)V @ 59
Event: 4.362 Thread 0x00007f024018f000 Uncommon trap: reason=unstable_if action=reinterpret pc=0x00007f02315bac1c method=java.util.HashMap.putVal(ILjava/lang/Object;Ljava/lang/Object;ZZ)Ljava/lang/Object; @ 109
Event: 4.468 Thread 0x00007f024000b800 Uncommon trap: reason=unstable_if action=reinterpret pc=0x00007f0231336aac method=com.android.dx.rop.code.RegisterSpecSet.<init>(I)V @ 2
Event: 5.499 Thread 0x00007f024019b000 Uncommon trap: reason=class_check action=maybe_recompile pc=0x00007f02317b3284 method=com.android.dx.rop.code.RegisterSpec.withSimpleType()Lcom/android/dx/rop/code/RegisterSpec; @ 21
Event: 5.533 Thread 0x00007f024018f000 Uncommon trap: reason=class_check action=maybe_recompile pc=0x00007f02317b3284 method=com.android.dx.rop.code.RegisterSpec.withSimpleType()Lcom/android/dx/rop/code/RegisterSpec; @ 21
Event: 5.589 Thread 0x00007f024019b000 Uncommon trap: reason=class_check action=maybe_recompile pc=0x00007f02317b3284 method=com.android.dx.rop.code.RegisterSpec.withSimpleType()Lcom/android/dx/rop/code/RegisterSpec; @ 21
Event: 5.601 Thread 0x00007f024019b000 Uncommon trap: reason=class_check action=maybe_recompile pc=0x00007f02317b3284 method=com.android.dx.rop.code.RegisterSpec.withSimpleType()Lcom/android/dx/rop/code/RegisterSpec; @ 21
Event: 5.627 Thread 0x00007f024018b800 Uncommon trap: reason=bimorphic action=maybe_recompile pc=0x00007f02315faad4 method=com.android.dx.cf.code.BytecodeArray.parseInstruction(ILcom/android/dx/cf/code/BytecodeArray$Visitor;)I @ 2281
Event: 5.627 Thread 0x00007f024018b800 Uncommon trap: reason=bimorphic action=maybe_recompile pc=0x00007f02315faad4 method=com.android.dx.cf.code.BytecodeArray.parseInstruction(ILcom/android/dx/cf/code/BytecodeArray$Visitor;)I @ 2281

Classes redefined (0 events):
No events

Internal exceptions (6 events):
Event: 0.029 Thread 0x00007f024000b800 Exception <a 'java/lang/NoSuchMethodError': Method sun.misc.Unsafe.defineClass(Ljava/lang/String;[BII)Ljava/lang/Class; name or signature does not match> (0x000000076ab07ca8) thrown at [/ssd/Android/AOSP-openjdk-git/jdk8u/hotspot/src/share/vm/prims/jni.cp
Event: 0.029 Thread 0x00007f024000b800 Exception <a 'java/lang/NoSuchMethodError': Method sun.misc.Unsafe.prefetchRead(Ljava/lang/Object;J)V name or signature does not match> (0x000000076ab07f90) thrown at [/ssd/Android/AOSP-openjdk-git/jdk8u/hotspot/src/share/vm/prims/jni.cpp, line 4011]
Event: 2.483 Thread 0x00007f024019b000 Implicit null exception at 0x00007f02313bd9b3 to 0x00007f02313bdb29
Event: 2.822 Thread 0x00007f024019c800 Exception <a 'java/lang/ArrayIndexOutOfBoundsException': 18> (0x000000076de74710) thrown at [/ssd/Android/AOSP-openjdk-git/jdk8u/hotspot/src/share/vm/interpreter/interpreterRuntime.cpp, line 366]
Event: 2.822 Thread 0x00007f024019c800 Exception <a 'java/lang/ArrayIndexOutOfBoundsException': 145> (0x000000076de76290) thrown at [/ssd/Android/AOSP-openjdk-git/jdk8u/hotspot/src/share/vm/interpreter/interpreterRuntime.cpp, line 366]
Event: 2.824 Thread 0x00007f024019c800 Exception <a 'java/lang/ArrayIndexOutOfBoundsException': 40> (0x000000076de77578) thrown at [/ssd/Android/AOSP-openjdk-git/jdk8u/hotspot/src/share/vm/interpreter/interpreterRuntime.cpp, line 366]

Events (10 events):
Event: 5.677 Thread 0x00007f024019c800 DEOPT UNPACKING pc=0x00007f0231046f73 sp=0x00007f0216026b28 mode 0
Event: 5.684 Thread 0x00007f024019b000 DEOPT PACKING pc=0x00007f02312fc94b sp=0x00007f0216127c50
Event: 5.684 Thread 0x00007f024019b000 DEOPT UNPACKING pc=0x00007f0231046f73 sp=0x00007f02161279c0 mode 0
Event: 5.686 Thread 0x00007f024019b000 DEOPT PACKING pc=0x00007f02312bdfab sp=0x00007f0216127c80
Event: 5.687 Thread 0x00007f024019b000 DEOPT UNPACKING pc=0x00007f0231046f73 sp=0x00007f02161279e8 mode 0
Event: 5.687 Thread 0x00007f024000b800 DEOPT PACKING pc=0x00007f0231117f3c sp=0x00007f02486222d0
Event: 5.687 Thread 0x00007f024000b800 DEOPT UNPACKING pc=0x00007f0231046f73 sp=0x00007f0248621fb8 mode 0
Event: 5.692 Thread 0x00007f024018f000 DEOPT PACKING pc=0x00007f02312bdfab sp=0x00007f0216228cc0
Event: 5.692 Thread 0x00007f024018f000 DEOPT UNPACKING pc=0x00007f0231046f73 sp=0x00007f0216228a28 mode 0
Event: 5.702 Executing VM operation: ParallelGCFailedAllocation


Dynamic libraries:
00400000-00401000 r-xp 00000000 fd:00 411561                             /home/abdelmageed/Downloads/android-studio-ide-171.4443003-linux/android-studio/jre/bin/java
00600000-00601000 r--p 00000000 fd:00 411561                             /home/abdelmageed/Downloads/android-studio-ide-171.4443003-linux/android-studio/jre/bin/java
00601000-00602000 rw-p 00001000 fd:00 411561                             /home/abdelmageed/Downloads/android-studio-ide-171.4443003-linux/android-studio/jre/bin/java
010c6000-010e7000 rw-p 00000000 00:00 0                                  [heap]
6c0000000-6c3c00000 rw-p 00000000 00:00 0 
6c3c00000-76ab00000 ---p 00000000 00:00 0 
76ab00000-779000000 rw-p 00000000 00:00 0 
785e00000-7c0000000 ---p 00000000 00:00 0 
7c0000000-7c00a0000 rw-p 00000000 00:00 0 
7c00a0000-800000000 ---p 00000000 00:00 0 
7f01d4000000-7f01d4024000 rw-p 00000000 00:00 0 
7f01d4024000-7f01d8000000 ---p 00000000 00:00 0 
7f01d8000000-7f01d803b000 rw-p 00000000 00:00 0 
7f01d803b000-7f01dc000000 ---p 00000000 00:00 0 
7f01dc000000-7f01dc021000 rw-p 00000000 00:00 0 
7f01dc021000-7f01e0000000 ---p 00000000 00:00 0 
7f01e0000000-7f01e0021000 rw-p 00000000 00:00 0 
7f01e0021000-7f01e4000000 ---p 00000000 00:00 0 
7f01e4000000-7f01e4021000 rw-p 00000000 00:00 0 
7f01e4021000-7f01e8000000 ---p 00000000 00:00 0 
7f01e8000000-7f01e802d000 rw-p 00000000 00:00 0 
7f01e802d000-7f01ec000000 ---p 00000000 00:00 0 
7f01ec000000-7f01ec845000 rw-p 00000000 00:00 0 
7f01ec845000-7f01f0000000 ---p 00000000 00:00 0 
7f01f0000000-7f01f0021000 rw-p 00000000 00:00 0 
7f01f0021000-7f01f4000000 ---p 00000000 00:00 0 
7f01f4000000-7f01f4b38000 rw-p 00000000 00:00 0 
7f01f4b38000-7f01f8000000 ---p 00000000 00:00 0 
7f01f8000000-7f01f8d5c000 rw-p 00000000 00:00 0 
7f01f8d5c000-7f01fc000000 ---p 00000000 00:00 0 
7f01fc000000-7f01fc021000 rw-p 00000000 00:00 0 
7f01fc021000-7f0200000000 ---p 00000000 00:00 0 
7f0201431000-7f0208000000 r--p 00000000 fd:00 141680                     /usr/lib/locale/locale-archive
7f0208000000-7f0208021000 rw-p 00000000 00:00 0 
7f0208021000-7f020c000000 ---p 00000000 00:00 0 
7f020c000000-7f020c021000 rw-p 00000000 00:00 0 
7f020c021000-7f0210000000 ---p 00000000 00:00 0 
7f0210000000-7f02102a0000 rw-p 00000000 00:00 0 
7f02102a0000-7f0214000000 ---p 00000000 00:00 0 
7f0215f28000-7f0215f2b000 ---p 00000000 00:00 0 
7f0215f2b000-7f0216029000 rw-p 00000000 00:00 0 
7f0216029000-7f021602c000 ---p 00000000 00:00 0 
7f021602c000-7f021612a000 rw-p 00000000 00:00 0 
7f021612a000-7f021612d000 ---p 00000000 00:00 0 
7f021612d000-7f021622b000 rw-p 00000000 00:00 0 
7f021622b000-7f021622e000 ---p 00000000 00:00 0 
7f021622e000-7f021632c000 rw-p 00000000 00:00 0 
7f021632c000-7f021632f000 ---p 00000000 00:00 0 
7f021632f000-7f021642d000 rw-p 00000000 00:00 0 
7f021642d000-7f02164af000 r--s 0063f000 fd:00 493759                     /home/abdelmageed/AndroidStudioProjects/BuyBuyApp/app/build/intermediates/transforms/jarMerging/release/0.jar
7f02164af000-7f02164b0000 ---p 00000000 00:00 0 
7f02164b0000-7f02165b0000 rw-p 00000000 00:00 0 
7f02165b0000-7f02165b3000 ---p 00000000 00:00 0 
7f02165b3000-7f02166b1000 rw-p 00000000 00:00 0 
7f02166b1000-7f02166b4000 ---p 00000000 00:00 0 
7f02166b4000-7f02167b2000 rw-p 00000000 00:00 0 
7f02167b2000-7f02167b5000 ---p 00000000 00:00 0 
7f02167b5000-7f02168b3000 rw-p 00000000 00:00 0 
7f02168b3000-7f02168b6000 ---p 00000000 00:00 0 
7f02168b6000-7f02169b4000 rw-p 00000000 00:00 0 
7f02169b4000-7f02169b7000 ---p 00000000 00:00 0 
7f02169b7000-7f0216ab5000 rw-p 00000000 00:00 0 
7f0216ab5000-7f0216ab8000 ---p 00000000 00:00 0 
7f0216ab8000-7f0216bb6000 rw-p 00000000 00:00 0 
7f0216bb6000-7f0216bb9000 ---p 00000000 00:00 0 
7f0216bb9000-7f0216cb7000 rw-p 00000000 00:00 0 
7f0216cb7000-7f0216cb8000 ---p 00000000 00:00 0 
7f0216cb8000-7f0217dba000 rw-p 00000000 00:00 0 
7f0217dba000-7f0217f8a000 r--s 03c46000 fd:00 411640                     /home/abdelmageed/Downloads/android-studio-ide-171.4443003-linux/android-studio/jre/jre/lib/rt.jar
7f0217f8a000-7f0220000000 rw-p 00000000 00:00 0 
7f0220000000-7f0220021000 rw-p 00000000 00:00 0 
7f0220021000-7f0224000000 ---p 00000000 00:00 0 
7f0224000000-7f0224021000 rw-p 00000000 00:00 0 
7f0224021000-7f0228000000 ---p 00000000 00:00 0 
7f0228000000-7f0228021000 rw-p 00000000 00:00 0 
7f0228021000-7f022c000000 ---p 00000000 00:00 0 
7f022c000000-7f022c028000 rw-p 00000000 00:00 0 
7f022c028000-7f0230000000 ---p 00000000 00:00 0 
7f0230000000-7f02306c0000 rw-p 00000000 00:00 0 
7f02306c0000-7f0230800000 ---p 00000000 00:00 0 
7f0230800000-7f0231000000 rw-p 00000000 00:00 0 
7f0231000000-7f02317f0000 rwxp 00000000 00:00 0 
7f02317f0000-7f0240000000 ---p 00000000 00:00 0 
7f0240000000-7f0240399000 rw-p 00000000 00:00 0 
7f0240399000-7f0244000000 ---p 00000000 00:00 0 
7f024401a000-7f024401b000 ---p 00000000 00:00 0 
7f024401b000-7f024411b000 rw-p 00000000 00:00 0 
7f024411b000-7f024411c000 ---p 00000000 00:00 0 
7f024411c000-7f024421c000 rw-p 00000000 00:00 0 
7f024421c000-7f024421d000 ---p 00000000 00:00 0 
7f024421d000-7f024431d000 rw-p 00000000 00:00 0 
7f024431d000-7f024431e000 ---p 00000000 00:00 0 
7f024431e000-7f024443c000 rw-p 00000000 00:00 0 
7f024443c000-7f0244974000 ---p 00000000 00:00 0 
7f0244974000-7f0244992000 rw-p 00000000 00:00 0 
7f0244992000-7f0244ec9000 ---p 00000000 00:00 0 
7f0244ec9000-7f0244f3c000 rw-p 00000000 00:00 0 
7f0244f3c000-7f0245174000 ---p 00000000 00:00 0 
7f0245174000-7f0245195000 rw-p 00000000 00:00 0 
7f0245195000-7f0245535000 ---p 00000000 00:00 0 
7f0245535000-7f024554f000 r-xp 00000000 fd:00 411661                     /home/abdelmageed/Downloads/android-studio-ide-171.4443003-linux/android-studio/jre/jre/lib/amd64/libzip.so
7f024554f000-7f024574f000 ---p 0001a000 fd:00 411661                     /home/abdelmageed/Downloads/android-studio-ide-171.4443003-linux/android-studio/jre/jre/lib/amd64/libzip.so
7f024574f000-7f0245750000 r--p 0001a000 fd:00 411661                     /home/abdelmageed/Downloads/android-studio-ide-171.4443003-linux/android-studio/jre/jre/lib/amd64/libzip.so
7f0245750000-7f0245751000 rw-p 0001b000 fd:00 411661                     /home/abdelmageed/Downloads/android-studio-ide-171.4443003-linux/android-studio/jre/jre/lib/amd64/libzip.so
7f0245751000-7f0245f56000 r--s 00000000 fd:00 1585058                    /var/lib/sss/mc/passwd
7f0245f56000-7f0245f5e000 r-xp 00000000 fd:00 144927                     /usr/lib64/libnss_sss.so.2
7f0245f5e000-7f024615d000 ---p 00008000 fd:00 144927                     /usr/lib64/libnss_sss.so.2
7f024615d000-7f024615e000 r--p 00007000 fd:00 144927                     /usr/lib64/libnss_sss.so.2
7f024615e000-7f024615f000 rw-p 00008000 fd:00 144927                     /usr/lib64/libnss_sss.so.2
7f024615f000-7f024618c000 r-xp 00000000 fd:00 411660                     /home/abdelmageed/Downloads/android-studio-ide-171.4443003-linux/android-studio/jre/jre/lib/amd64/libjava.so
7f024618c000-7f024638b000 ---p 0002d000 fd:00 411660                     /home/abdelmageed/Downloads/android-studio-ide-171.4443003-linux/android-studio/jre/jre/lib/amd64/libjava.so
7f024638b000-7f024638c000 r--p 0002c000 fd:00 411660                     /home/abdelmageed/Downloads/android-studio-ide-171.4443003-linux/android-studio/jre/jre/lib/amd64/libjava.so
7f024638c000-7f024638e000 rw-p 0002d000 fd:00 411660                     /home/abdelmageed/Downloads/android-studio-ide-171.4443003-linux/android-studio/jre/jre/lib/amd64/libjava.so
7f024638e000-7f024639e000 r-xp 00000000 fd:00 411666                     /home/abdelmageed/Downloads/android-studio-ide-171.4443003-linux/android-studio/jre/jre/lib/amd64/libverify.so
7f024639e000-7f024659d000 ---p 00010000 fd:00 411666                     /home/abdelmageed/Downloads/android-studio-ide-171.4443003-linux/android-studio/jre/jre/lib/amd64/libverify.so
7f024659d000-7f024659f000 r--p 0000f000 fd:00 411666                     /home/abdelmageed/Downloads/android-studio-ide-171.4443003-linux/android-studio/jre/jre/lib/amd64/libverify.so
7f024659f000-7f02465a0000 rw-p 00011000 fd:00 411666                     /home/abdelmageed/Downloads/android-studio-ide-171.4443003-linux/android-studio/jre/jre/lib/amd64/libverify.so
7f02465a0000-7f02465a7000 r-xp 00000000 fd:00 145057                     /usr/lib64/librt-2.26.so
7f02465a7000-7f02467a6000 ---p 00007000 fd:00 145057                     /usr/lib64/librt-2.26.so
7f02467a6000-7f02467a7000 r--p 00006000 fd:00 145057                     /usr/lib64/librt-2.26.so
7f02467a7000-7f02467a8000 rw-p 00007000 fd:00 145057                     /usr/lib64/librt-2.26.so
7f02467a8000-7f02468fc000 r-xp 00000000 fd:00 144839                     /usr/lib64/libm-2.26.so
7f02468fc000-7f0246afb000 ---p 00154000 fd:00 144839                     /usr/lib64/libm-2.26.so
7f0246afb000-7f0246afc000 r--p 00153000 fd:00 144839                     /usr/lib64/libm-2.26.so
7f0246afc000-7f0246afd000 rw-p 00154000 fd:00 144839                     /usr/lib64/libm-2.26.so
7f0246afd000-7f02476f5000 r-xp 00000000 fd:00 411670                     /home/abdelmageed/Downloads/android-studio-ide-171.4443003-linux/android-studio/jre/jre/lib/amd64/server/libjvm.so
7f02476f5000-7f02478f5000 ---p 00bf8000 fd:00 411670                     /home/abdelmageed/Downloads/android-studio-ide-171.4443003-linux/android-studio/jre/jre/lib/amd64/server/libjvm.so
7f02478f5000-7f0247994000 r--p 00bf8000 fd:00 411670                     /home/abdelmageed/Downloads/android-studio-ide-171.4443003-linux/android-studio/jre/jre/lib/amd64/server/libjvm.so
7f0247994000-7f02479bd000 rw-p 00c97000 fd:00 411670                     /home/abdelmageed/Downloads/android-studio-ide-171.4443003-linux/android-studio/jre/jre/lib/amd64/server/libjvm.so
7f02479bd000-7f0247a01000 rw-p 00000000 00:00 0 
7f0247a01000-7f0247a1b000 r-xp 00000000 fd:00 145010                     /usr/lib64/libpthread-2.26.so
7f0247a1b000-7f0247c1a000 ---p 0001a000 fd:00 145010                     /usr/lib64/libpthread-2.26.so
7f0247c1a000-7f0247c1b000 r--p 00019000 fd:00 145010                     /usr/lib64/libpthread-2.26.so
7f0247c1b000-7f0247c1c000 rw-p 0001a000 fd:00 145010                     /usr/lib64/libpthread-2.26.so
7f0247c1c000-7f0247c20000 rw-p 00000000 00:00 0 
7f0247c20000-7f0247c23000 r-xp 00000000 fd:00 144505                     /usr/lib64/libdl-2.26.so
7f0247c23000-7f0247e22000 ---p 00003000 fd:00 144505                     /usr/lib64/libdl-2.26.so
7f0247e22000-7f0247e23000 r--p 00002000 fd:00 144505                     /usr/lib64/libdl-2.26.so
7f0247e23000-7f0247e24000 rw-p 00003000 fd:00 144505                     /usr/lib64/libdl-2.26.so
7f0247e24000-7f0247fff000 r-xp 00000000 fd:00 144415                     /usr/lib64/libc-2.26.so
7f0247fff000-7f02481ff000 ---p 001db000 fd:00 144415                     /usr/lib64/libc-2.26.so
7f02481ff000-7f0248203000 r--p 001db000 fd:00 144415                     /usr/lib64/libc-2.26.so
7f0248203000-7f0248205000 rw-p 001df000 fd:00 144415                     /usr/lib64/libc-2.26.so
7f0248205000-7f0248209000 rw-p 00000000 00:00 0 
7f0248209000-7f024821f000 r-xp 00000000 fd:00 411609                     /home/abdelmageed/Downloads/android-studio-ide-171.4443003-linux/android-studio/jre/lib/amd64/jli/libjli.so
7f024821f000-7f024841e000 ---p 00016000 fd:00 411609                     /home/abdelmageed/Downloads/android-studio-ide-171.4443003-linux/android-studio/jre/lib/amd64/jli/libjli.so
7f024841e000-7f024841f000 r--p 00015000 fd:00 411609                     /home/abdelmageed/Downloads/android-studio-ide-171.4443003-linux/android-studio/jre/lib/amd64/jli/libjli.so
7f024841f000-7f0248420000 rw-p 00016000 fd:00 411609                     /home/abdelmageed/Downloads/android-studio-ide-171.4443003-linux/android-studio/jre/lib/amd64/jli/libjli.so
7f0248420000-7f0248448000 r-xp 00000000 fd:00 144241                     /usr/lib64/ld-2.26.so
7f0248450000-7f0248523000 rw-p 00000000 00:00 0 
7f0248523000-7f0248526000 ---p 00000000 00:00 0 
7f0248526000-7f0248629000 rw-p 00000000 00:00 0 
7f024862c000-7f024863b000 r--s 000ed000 fd:00 812418                     /home/abdelmageed/Android/Sdk/build-tools/26.0.2/lib/dx.jar
7f024863b000-7f0248643000 rw-s 00000000 00:28 265594                     /tmp/hsperfdata_abdelmageed/7589
7f0248643000-7f0248644000 rw-p 00000000 00:00 0 
7f0248644000-7f0248645000 ---p 00000000 00:00 0 
7f0248645000-7f0248647000 rw-p 00000000 00:00 0 
7f0248647000-7f0248648000 r--p 00027000 fd:00 144241                     /usr/lib64/ld-2.26.so
7f0248648000-7f0248649000 rw-p 00028000 fd:00 144241                     /usr/lib64/ld-2.26.so
7f0248649000-7f024864a000 rw-p 00000000 00:00 0 
7ffc09107000-7ffc09128000 rw-p 00000000 00:00 0                          [stack]
7ffc09162000-7ffc09165000 r--p 00000000 00:00 0                          [vvar]
7ffc09165000-7ffc09167000 r-xp 00000000 00:00 0                          [vdso]
ffffffffff600000-ffffffffff601000 r-xp 00000000 00:00 0                  [vsyscall]

VM Arguments:
jvm_args: -Djava.awt.headless=true -Xmx4g -Dfile.encoding=UTF-8 -Duser.country=US -Duser.language=en -Duser.variant 
java_command: com.android.dx.command.Main --dex --num-threads=4 --multi-dex --main-dex-list /home/abdelmageed/AndroidStudioProjects/BuyBuyApp/app/build/intermediates/multi-dex/release/maindexlist.txt --output /home/abdelmageed/AndroidStudioProjects/BuyBuyApp/app/build/intermediates/transforms/dex/release/0 --min-sdk-version 16 /home/abdelmageed/AndroidStudioProjects/BuyBuyApp/app/build/intermediates/transforms/jarMerging/release/0.jar
java_class_path (initial): /home/abdelmageed/Android/Sdk/build-tools/26.0.2/lib/dx.jar
Launcher Type: SUN_STANDARD

Environment Variables:
PATH=/usr/local/bin:/usr/local/sbin:/usr/bin:/usr/sbin:/home/abdelmageed/.local/bin:/home/abdelmageed/bin
USERNAME=abdelmageed
LD_LIBRARY_PATH=/home/abdelmageed/Downloads/android-studio-ide-171.4443003-linux/android-studio/bin:
SHELL=/bin/bash
DISPLAY=:0

Signal Handlers:
SIGSEGV: [libjvm.so+0x9ebc60], sa_mask[0]=11111111011111111101111111111110, sa_flags=SA_RESTART|SA_SIGINFO
SIGBUS: [libjvm.so+0x9ebc60], sa_mask[0]=11111111011111111101111111111110, sa_flags=SA_RESTART|SA_SIGINFO
SIGFPE: [libjvm.so+0x84cf60], sa_mask[0]=11111111011111111101111111111110, sa_flags=SA_RESTART|SA_SIGINFO
SIGPIPE: [libjvm.so+0x84cf60], sa_mask[0]=11111111011111111101111111111110, sa_flags=SA_RESTART|SA_SIGINFO
SIGXFSZ: [libjvm.so+0x84cf60], sa_mask[0]=11111111011111111101111111111110, sa_flags=SA_RESTART|SA_SIGINFO
SIGILL: [libjvm.so+0x84cf60], sa_mask[0]=11111111011111111101111111111110, sa_flags=SA_RESTART|SA_SIGINFO
SIGUSR1: SIG_DFL, sa_mask[0]=00000000000000000000000000000000, sa_flags=none
SIGUSR2: [libjvm.so+0x84ce30], sa_mask[0]=00100000000000000000000000000000, sa_flags=SA_RESTART|SA_SIGINFO
SIGHUP: [libjvm.so+0x84d020], sa_mask[0]=11111111011111111101111111111110, sa_flags=SA_RESTART|SA_SIGINFO
SIGINT: [libjvm.so+0x84d020], sa_mask[0]=11111111011111111101111111111110, sa_flags=SA_RESTART|SA_SIGINFO
SIGTERM: [libjvm.so+0x84d020], sa_mask[0]=11111111011111111101111111111110, sa_flags=SA_RESTART|SA_SIGINFO
SIGQUIT: [libjvm.so+0x84d020], sa_mask[0]=11111111011111111101111111111110, sa_flags=SA_RESTART|SA_SIGINFO


---------------  S Y S T E M  ---------------

OS:Fedora release 27 (Twenty Seven)

uname:Linux 4.13.9-300.fc27.x86_64 #1 SMP Mon Oct 23 13:41:58 UTC 2017 x86_64
libc:glibc 2.26 NPTL 2.26 
rlimit: STACK 8192k, CORE infinity, NPROC 22679, NOFILE 4096, AS infinity
load average:3.47 2.69 4.13

/proc/meminfo:
MemTotal:        5832504 kB
MemFree:          111040 kB
MemAvailable:      83460 kB
Buffers:           39744 kB
Cached:           448528 kB
SwapCached:            0 kB
Active:          5032996 kB
Inactive:         414700 kB
Active(anon):    4961372 kB
Inactive(anon):   347840 kB
Active(file):      71624 kB
Inactive(file):    66860 kB
Unevictable:         212 kB
Mlocked:             212 kB
SwapTotal:             0 kB
SwapFree:              0 kB
Dirty:               668 kB
Writeback:             0 kB
AnonPages:       4959800 kB
Mapped:           114100 kB
Shmem:            349656 kB
Slab:             130908 kB
SReclaimable:      62940 kB
SUnreclaim:        67968 kB
KernelStack:       12912 kB
PageTables:        71912 kB
NFS_Unstable:          0 kB
Bounce:                0 kB
WritebackTmp:          0 kB
CommitLimit:     2916252 kB
Committed_AS:    9897352 kB
VmallocTotal:   34359738367 kB
VmallocUsed:           0 kB
VmallocChunk:          0 kB
HardwareCorrupted:     0 kB
AnonHugePages:         0 kB
ShmemHugePages:        0 kB
ShmemPmdMapped:        0 kB
CmaTotal:              0 kB
CmaFree:               0 kB
HugePages_Total:       0
HugePages_Free:        0
HugePages_Rsvd:        0
HugePages_Surp:        0
Hugepagesize:       2048 kB
DirectMap4k:      205632 kB
DirectMap2M:     5808128 kB


CPU:total 4 (initial active 4) (2 cores per cpu, 2 threads per core) family 6 model 37 stepping 2, cmov, cx8, fxsr, mmx, sse, sse2, sse3, ssse3, sse4.1, sse4.2, popcnt, aes, clmul, ht, tsc, tscinvbit

/proc/cpuinfo:
processor	: 0
vendor_id	: GenuineIntel
cpu family	: 6
model		: 37
model name	: Intel(R) Core(TM) i5 CPU       M 520  @ 2.40GHz
stepping	: 2
microcode	: 0xe
cpu MHz		: 2393.972
cache size	: 3072 KB
physical id	: 0
siblings	: 4
core id		: 0
cpu cores	: 2
apicid		: 0
initial apicid	: 0
fpu		: yes
fpu_exception	: yes
cpuid level	: 11
wp		: yes
flags		: fpu vme de pse tsc msr pae mce cx8 apic sep mtrr pge mca cmov pat pse36 clflush dts acpi mmx fxsr sse sse2 ss ht tm pbe syscall nx rdtscp lm constant_tsc arch_perfmon pebs bts rep_good nopl xtopology nonstop_tsc cpuid aperfmperf pni pclmulqdq dtes64 monitor ds_cpl vmx smx est tm2 ssse3 cx16 xtpr pdcm sse4_1 sse4_2 popcnt aes lahf_lm tpr_shadow vnmi flexpriority ept vpid dtherm ida arat
bugs		:
bogomips	: 4787.94
clflush size	: 64
cache_alignment	: 64
address sizes	: 36 bits physical, 48 bits virtual
power management:

processor	: 1
vendor_id	: GenuineIntel
cpu family	: 6
model		: 37
model name	: Intel(R) Core(TM) i5 CPU       M 520  @ 2.40GHz
stepping	: 2
microcode	: 0xe
cpu MHz		: 2393.972
cache size	: 3072 KB
physical id	: 0
siblings	: 4
core id		: 0
cpu cores	: 2
apicid		: 1
initial apicid	: 1
fpu		: yes
fpu_exception	: yes
cpuid level	: 11
wp		: yes
flags		: fpu vme de pse tsc msr pae mce cx8 apic sep mtrr pge mca cmov pat pse36 clflush dts acpi mmx fxsr sse sse2 ss ht tm pbe syscall nx rdtscp lm constant_tsc arch_perfmon pebs bts rep_good nopl xtopology nonstop_tsc cpuid aperfmperf pni pclmulqdq dtes64 monitor ds_cpl vmx smx est tm2 ssse3 cx16 xtpr pdcm sse4_1 sse4_2 popcnt aes lahf_lm tpr_shadow vnmi flexpriority ept vpid dtherm ida arat
bugs		:
bogomips	: 4787.71
clflush size	: 64
cache_alignment	: 64
address sizes	: 36 bits physical, 48 bits virtual
power management:

processor	: 2
vendor_id	: GenuineIntel
cpu family	: 6
model		: 37
model name	: Intel(R) Core(TM) i5 CPU       M 520  @ 2.40GHz
stepping	: 2
microcode	: 0xe
cpu MHz		: 2393.972
cache size	: 3072 KB
physical id	: 0
siblings	: 4
core id		: 2
cpu cores	: 2
apicid		: 4
initial apicid	: 4
fpu		: yes
fpu_exception	: yes
cpuid level	: 11
wp		: yes
flags		: fpu vme de pse tsc msr pae mce cx8 apic sep mtrr pge mca cmov pat pse36 clflush dts acpi mmx fxsr sse sse2 ss ht tm pbe syscall nx rdtscp lm constant_tsc arch_perfmon pebs bts rep_good nopl xtopology nonstop_tsc cpuid aperfmperf pni pclmulqdq dtes64 monitor ds_cpl vmx smx est tm2 ssse3 cx16 xtpr pdcm sse4_1 sse4_2 popcnt aes lahf_lm tpr_shadow vnmi flexpriority ept vpid dtherm ida arat
bugs		:
bogomips	: 4787.74
clflush size	: 64
cache_alignment	: 64
address sizes	: 36 bits physical, 48 bits virtual
power management:

processor	: 3
vendor_id	: GenuineIntel
cpu family	: 6
model		: 37
model name	: Intel(R) Core(TM) i5 CPU       M 520  @ 2.40GHz
stepping	: 2
microcode	: 0xe
cpu MHz		: 2393.972
cache size	: 3072 KB
physical id	: 0
siblings	: 4
core id		: 2
cpu cores	: 2
apicid		: 5
initial apicid	: 5
fpu		: yes
fpu_exception	: yes
cpuid level	: 11
wp		: yes
flags		: fpu vme de pse tsc msr pae mce cx8 apic sep mtrr pge mca cmov pat pse36 clflush dts acpi mmx fxsr sse sse2 ss ht tm pbe syscall nx rdtscp lm constant_tsc arch_perfmon pebs bts rep_good nopl xtopology nonstop_tsc cpuid aperfmperf pni pclmulqdq dtes64 monitor ds_cpl vmx smx est tm2 ssse3 cx16 xtpr pdcm sse4_1 sse4_2 popcnt aes lahf_lm tpr_shadow vnmi flexpriority ept vpid dtherm ida arat
bugs		:
bogomips	: 4787.74
clflush size	: 64
cache_alignment	: 64
address sizes	: 36 bits physical, 48 bits virtual
power management:



Memory: 4k page, physical 5832504k(112048k free), swap 0k(0k free)

vm_info: OpenJDK 64-Bit Server VM (25.152-b01) for linux-amd64 JRE (1.8.0_152-release-915-b01), built by "builder" with gcc 4.8.4

time: Sat Apr  7 11:19:11 2018
elapsed time: 5 seconds (0d 0h 0m 5s)

