#
# There is insufficient memory for the Java Runtime Environment to continue.
# Native memory allocation (mmap) failed to map 217055232 bytes for committing reserved memory.
# Possible reasons:
#   The system is out of physical RAM or swap space
#   In 32 bit mode, the process size limit was hit
# Possible solutions:
#   Reduce memory load on the system
#   Increase physical memory or swap space
#   Check if swap backing store is full
#   Use 64 bit Java on a 64 bit OS
#   Decrease Java heap size (-Xmx/-Xms)
#   Decrease number of Java threads
#   Decrease Java thread stack sizes (-Xss)
#   Set larger code cache with -XX:ReservedCodeCacheSize=
# This output file may be truncated or incomplete.
#
#  Out of Memory Error (os_linux.cpp:2640), pid=7647, tid=0x00007f87b7bfb700
#
# JRE version: OpenJDK Runtime Environment (8.0_152-b01) (build 1.8.0_152-release-915-b01)
# Java VM: OpenJDK 64-Bit Server VM (25.152-b01 mixed mode linux-amd64 compressed oops)
# Core dump written. Default location: /home/abdelmageed/AndroidStudioProjects/BuyBuyApp/app/core or core.7647
#

---------------  T H R E A D  ---------------

Current thread (0x00007f87e0078800):  VMThread [stack: 0x00007f87b7afb000,0x00007f87b7bfc000] [id=7656]

Stack: [0x00007f87b7afb000,0x00007f87b7bfc000],  sp=0x00007f87b7bfa470,  free space=1021k
Native frames: (J=compiled Java code, j=interpreted, Vv=VM code, C=native code)
V  [libjvm.so+0x9eb15d]  VMError::report_and_die()+0x15d
V  [libjvm.so+0x4b8eaa]  report_vm_out_of_memory(char const*, int, unsigned long, VMErrorType, char const*)+0x8a
V  [libjvm.so+0x851370]  os::pd_commit_memory(char*, unsigned long, unsigned long, bool)+0xf0
V  [libjvm.so+0x84be8f]  os::commit_memory(char*, unsigned long, unsigned long, bool)+0x1f
V  [libjvm.so+0x8c261b]  PSVirtualSpace::expand_by(unsigned long)+0x5b
V  [libjvm.so+0x8c3290]  PSYoungGen::resize_generation(unsigned long, unsigned long)+0xb0
V  [libjvm.so+0x8c35ab]  PSYoungGen::resize(unsigned long, unsigned long)+0x1b
V  [libjvm.so+0x8bfc9c]  PSScavenge::invoke_no_policy()+0xdac
V  [libjvm.so+0x8c0478]  PSScavenge::invoke()+0x38
V  [libjvm.so+0x8748f3]  ParallelScavengeHeap::failed_mem_allocate(unsigned long)+0x63
V  [libjvm.so+0x9ecc84]  VM_ParallelGCFailedAllocation::doit()+0x84
V  [libjvm.so+0x9f1197]  VM_Operation::evaluate()+0x47
V  [libjvm.so+0x9efb78]  VMThread::evaluate_operation(VM_Operation*)+0x2c8
V  [libjvm.so+0x9efff9]  VMThread::loop()+0x219
V  [libjvm.so+0x9f0442]  VMThread::run()+0x72
V  [libjvm.so+0x84e792]  java_start(Thread*)+0xf2

VM_Operation (0x00007f87b726ee30): ParallelGCFailedAllocation, mode: safepoint, requested by thread 0x00007f87e0184000


---------------  P R O C E S S  ---------------

Java Threads: ( => current thread )
  0x00007f87e018b000 JavaThread "pool-2-thread-4" [_thread_blocked, id=7669, stack(0x00007f87b6d6c000,0x00007f87b6e6d000)]
  0x00007f87e018a000 JavaThread "pool-2-thread-3" [_thread_blocked, id=7668, stack(0x00007f87b6e6d000,0x00007f87b6f6e000)]
  0x00007f87e0187800 JavaThread "pool-2-thread-2" [_thread_blocked, id=7667, stack(0x00007f87b6f6e000,0x00007f87b706f000)]
  0x00007f87e0185800 JavaThread "pool-3-thread-1" [_thread_blocked, id=7666, stack(0x00007f87b706f000,0x00007f87b7170000)]
  0x00007f87e0184000 JavaThread "pool-2-thread-1" [_thread_blocked, id=7665, stack(0x00007f87b7170000,0x00007f87b7271000)]
  0x00007f87e00c0800 JavaThread "Service Thread" daemon [_thread_blocked, id=7663, stack(0x00007f87b73f4000,0x00007f87b74f5000)]
  0x00007f87e00bd800 JavaThread "C1 CompilerThread2" daemon [_thread_blocked, id=7662, stack(0x00007f87b74f5000,0x00007f87b75f6000)]
  0x00007f87e00bb800 JavaThread "C2 CompilerThread1" daemon [_thread_blocked, id=7661, stack(0x00007f87b75f6000,0x00007f87b76f7000)]
  0x00007f87e00a7000 JavaThread "C2 CompilerThread0" daemon [_thread_in_native, id=7660, stack(0x00007f87b76f7000,0x00007f87b77f8000)]
  0x00007f87e00b6800 JavaThread "Signal Dispatcher" daemon [_thread_blocked, id=7659, stack(0x00007f87b77f8000,0x00007f87b78f9000)]
  0x00007f87e0084800 JavaThread "Finalizer" daemon [_thread_blocked, id=7658, stack(0x00007f87b78f9000,0x00007f87b79fa000)]
  0x00007f87e0080000 JavaThread "Reference Handler" daemon [_thread_blocked, id=7657, stack(0x00007f87b79fa000,0x00007f87b7afb000)]
  0x00007f87e000b800 JavaThread "main" [_thread_blocked, id=7650, stack(0x00007f87e93d0000,0x00007f87e94d1000)]

Other Threads:
=>0x00007f87e0078800 VMThread [stack: 0x00007f87b7afb000,0x00007f87b7bfc000] [id=7656]
  0x00007f87e00c3000 WatcherThread [stack: 0x00007f87b72f3000,0x00007f87b73f4000] [id=7664]

VM state:at safepoint (normal execution)

VM Mutex/Monitor currently owned by a thread:  ([mutex/lock_event])
[0x00007f87e0008680] Threads_lock - owner thread: 0x00007f87e0078800
[0x00007f87e0008b80] Heap_lock - owner thread: 0x00007f87e0184000

Heap:
 PSYoungGen      total 207872K, used 23022K [0x000000076ab00000, 0x0000000779000000, 0x00000007c0000000)
  eden space 184832K, 0% used [0x000000076ab00000,0x000000076ab00000,0x0000000775f80000)
  from space 23040K, 99% used [0x0000000775f80000,0x00000007775fb880,0x0000000777600000)
  to   space 19456K, 0% used [0x0000000777600000,0x0000000777600000,0x0000000778900000)
 ParOldGen       total 61440K, used 46012K [0x00000006c0000000, 0x00000006c3c00000, 0x000000076ab00000)
  object space 61440K, 74% used [0x00000006c0000000,0x00000006c2cef040,0x00000006c3c00000)
 Metaspace       used 6456K, capacity 7280K, committed 7552K, reserved 1056768K
  class space    used 601K, capacity 616K, committed 640K, reserved 1048576K

Card table byte_map: [0x00007f87e5821000,0x00007f87e6022000] byte_map_base: 0x00007f87e2221000

Marking Bits: (ParMarkBitMap*) 0x00007f87e887f3e0
 Begin Bits: [0x00007f87b8000000, 0x00007f87bc000000)
 End Bits:   [0x00007f87bc000000, 0x00007f87c0000000)

Polling page: 0x00007f87e94f1000

CodeCache: size=245760Kb used=7464Kb max_used=7464Kb free=238295Kb
 bounds [0x00007f87d1000000, 0x00007f87d1750000, 0x00007f87e0000000]
 total_blobs=2272 nmethods=2006 adapters=181
 compilation: enabled

Compilation events (10 events):
Event: 4.455 Thread 0x00007f87e00bd800 nmethod 2246 0x00007f87d1742c50 code [0x00007f87d1742f40, 0x00007f87d1744398]
Event: 4.462 Thread 0x00007f87e00bd800 2247       2       com.android.dx.ssa.back.FirstFitLocalCombiningAllocator$Alignment$2::nextClearBit (26 bytes)
Event: 4.462 Thread 0x00007f87e00bd800 nmethod 2247 0x00007f87d1744fd0 code [0x00007f87d1745140, 0x00007f87d1745358]
Event: 4.477 Thread 0x00007f87e00bd800 2249   !   3       com.android.dx.cf.direct.AttributeListParser::parse (323 bytes)
Event: 4.487 Thread 0x00007f87e00bd800 nmethod 2249 0x00007f87d1745490 code [0x00007f87d1745a00, 0x00007f87d1749168]
Event: 4.487 Thread 0x00007f87e00bd800 2252       2       com.android.dx.dex.cf.AttributeTranslator::translateInnerClasses (356 bytes)
Event: 4.499 Thread 0x00007f87e00bd800 nmethod 2252 0x00007f87d174b910 code [0x00007f87d174bce0, 0x00007f87d174d098]
Event: 4.499 Thread 0x00007f87e00bd800 2251       2       com.android.dx.cf.direct.DirectClassFile::getMethods (9 bytes)
Event: 4.500 Thread 0x00007f87e00bd800 nmethod 2251 0x00007f87d174ec50 code [0x00007f87d174edc0, 0x00007f87d174ef48]
Event: 4.500 Thread 0x00007f87e00bd800 2250       2       com.android.dx.cf.direct.StdAttributeFactory::runtimeInvisibleAnnotations (44 bytes)

GC Heap History (10 events):
Event: 0.335 GC heap after
Heap after GC invocations=2 (full 0):
 PSYoungGen      total 50688K, used 2080K [0x000000076ab00000, 0x000000076e000000, 0x00000007c0000000)
  eden space 47104K, 0% used [0x000000076ab00000,0x000000076ab00000,0x000000076d900000)
  from space 3584K, 58% used [0x000000076dc80000,0x000000076de88000,0x000000076e000000)
  to   space 3584K, 0% used [0x000000076d900000,0x000000076d900000,0x000000076dc80000)
 ParOldGen       total 61440K, used 8K [0x00000006c0000000, 0x00000006c3c00000, 0x000000076ab00000)
  object space 61440K, 0% used [0x00000006c0000000,0x00000006c0002000,0x00000006c3c00000)
 Metaspace       used 3482K, capacity 4784K, committed 5120K, reserved 1056768K
  class space    used 366K, capacity 424K, committed 512K, reserved 1048576K
}
Event: 1.260 GC heap before
{Heap before GC invocations=3 (full 0):
 PSYoungGen      total 50688K, used 49184K [0x000000076ab00000, 0x000000076e000000, 0x00000007c0000000)
  eden space 47104K, 100% used [0x000000076ab00000,0x000000076d900000,0x000000076d900000)
  from space 3584K, 58% used [0x000000076dc80000,0x000000076de88000,0x000000076e000000)
  to   space 3584K, 0% used [0x000000076d900000,0x000000076d900000,0x000000076dc80000)
 ParOldGen       total 61440K, used 8K [0x00000006c0000000, 0x00000006c3c00000, 0x000000076ab00000)
  object space 61440K, 0% used [0x00000006c0000000,0x00000006c0002000,0x00000006c3c00000)
 Metaspace       used 5827K, capacity 6832K, committed 7040K, reserved 1056768K
  class space    used 583K, capacity 616K, committed 640K, reserved 1048576K
Event: 1.283 GC heap after
Heap after GC invocations=3 (full 0):
 PSYoungGen      total 50688K, used 3562K [0x000000076ab00000, 0x0000000770e00000, 0x00000007c0000000)
  eden space 47104K, 0% used [0x000000076ab00000,0x000000076ab00000,0x000000076d900000)
  from space 3584K, 99% used [0x000000076d900000,0x000000076dc7ab10,0x000000076dc80000)
  to   space 3584K, 0% used [0x0000000770a80000,0x0000000770a80000,0x0000000770e00000)
 ParOldGen       total 61440K, used 4840K [0x00000006c0000000, 0x00000006c3c00000, 0x000000076ab00000)
  object space 61440K, 7% used [0x00000006c0000000,0x00000006c04ba0a8,0x00000006c3c00000)
 Metaspace       used 5827K, capacity 6832K, committed 7040K, reserved 1056768K
  class space    used 583K, capacity 616K, committed 640K, reserved 1048576K
}
Event: 1.898 GC heap before
{Heap before GC invocations=4 (full 0):
 PSYoungGen      total 50688K, used 50666K [0x000000076ab00000, 0x0000000770e00000, 0x00000007c0000000)
  eden space 47104K, 100% used [0x000000076ab00000,0x000000076d900000,0x000000076d900000)
  from space 3584K, 99% used [0x000000076d900000,0x000000076dc7ab10,0x000000076dc80000)
  to   space 3584K, 0% used [0x0000000770a80000,0x0000000770a80000,0x0000000770e00000)
 ParOldGen       total 61440K, used 4840K [0x00000006c0000000, 0x00000006c3c00000, 0x000000076ab00000)
  object space 61440K, 7% used [0x00000006c0000000,0x00000006c04ba0a8,0x00000006c3c00000)
 Metaspace       used 5920K, capacity 6896K, committed 7040K, reserved 1056768K
  class space    used 583K, capacity 616K, committed 640K, reserved 1048576K
Event: 1.927 GC heap after
Heap after GC invocations=4 (full 0):
 PSYoungGen      total 97792K, used 3582K [0x000000076ab00000, 0x0000000770e00000, 0x00000007c0000000)
  eden space 94208K, 0% used [0x000000076ab00000,0x000000076ab00000,0x0000000770700000)
  from space 3584K, 99% used [0x0000000770a80000,0x0000000770dff9b8,0x0000000770e00000)
  to   space 3584K, 0% used [0x0000000770700000,0x0000000770700000,0x0000000770a80000)
 ParOldGen       total 61440K, used 11873K [0x00000006c0000000, 0x00000006c3c00000, 0x000000076ab00000)
  object space 61440K, 19% used [0x00000006c0000000,0x00000006c0b984b0,0x00000006c3c00000)
 Metaspace       used 5920K, capacity 6896K, committed 7040K, reserved 1056768K
  class space    used 583K, capacity 616K, committed 640K, reserved 1048576K
}
Event: 2.651 GC heap before
{Heap before GC invocations=5 (full 0):
 PSYoungGen      total 97792K, used 97790K [0x000000076ab00000, 0x0000000770e00000, 0x00000007c0000000)
  eden space 94208K, 100% used [0x000000076ab00000,0x0000000770700000,0x0000000770700000)
  from space 3584K, 99% used [0x0000000770a80000,0x0000000770dff9b8,0x0000000770e00000)
  to   space 3584K, 0% used [0x0000000770700000,0x0000000770700000,0x0000000770a80000)
 ParOldGen       total 61440K, used 11873K [0x00000006c0000000, 0x00000006c3c00000, 0x000000076ab00000)
  object space 61440K, 19% used [0x00000006c0000000,0x00000006c0b984b0,0x00000006c3c00000)
 Metaspace       used 6140K, capacity 7024K, committed 7296K, reserved 1056768K
  class space    used 601K, capacity 616K, committed 640K, reserved 1048576K
Event: 2.693 GC heap after
Heap after GC invocations=5 (full 0):
 PSYoungGen      total 97792K, used 3560K [0x000000076ab00000, 0x0000000778900000, 0x00000007c0000000)
  eden space 94208K, 0% used [0x000000076ab00000,0x000000076ab00000,0x0000000770700000)
  from space 3584K, 99% used [0x0000000770700000,0x0000000770a7a390,0x0000000770a80000)
  to   space 19456K, 0% used [0x0000000777600000,0x0000000777600000,0x0000000778900000)
 ParOldGen       total 61440K, used 25650K [0x00000006c0000000, 0x00000006c3c00000, 0x000000076ab00000)
  object space 61440K, 41% used [0x00000006c0000000,0x00000006c190cb48,0x00000006c3c00000)
 Metaspace       used 6140K, capacity 7024K, committed 7296K, reserved 1056768K
  class space    used 601K, capacity 616K, committed 640K, reserved 1048576K
}
Event: 3.265 GC heap before
{Heap before GC invocations=6 (full 0):
 PSYoungGen      total 97792K, used 97768K [0x000000076ab00000, 0x0000000778900000, 0x00000007c0000000)
  eden space 94208K, 100% used [0x000000076ab00000,0x0000000770700000,0x0000000770700000)
  from space 3584K, 99% used [0x0000000770700000,0x0000000770a7a390,0x0000000770a80000)
  to   space 19456K, 0% used [0x0000000777600000,0x0000000777600000,0x0000000778900000)
 ParOldGen       total 61440K, used 25650K [0x00000006c0000000, 0x00000006c3c00000, 0x000000076ab00000)
  object space 61440K, 41% used [0x00000006c0000000,0x00000006c190cb48,0x00000006c3c00000)
 Metaspace       used 6244K, capacity 7152K, committed 7296K, reserved 1056768K
  class space    used 601K, capacity 616K, committed 640K, reserved 1048576K
Event: 3.328 GC heap after
Heap after GC invocations=6 (full 0):
 PSYoungGen      total 204288K, used 18156K [0x000000076ab00000, 0x0000000779000000, 0x00000007c0000000)
  eden space 184832K, 0% used [0x000000076ab00000,0x000000076ab00000,0x0000000775f80000)
  from space 19456K, 93% used [0x0000000777600000,0x00000007787bb060,0x0000000778900000)
  to   space 23040K, 0% used [0x0000000775f80000,0x0000000775f80000,0x0000000777600000)
 ParOldGen       total 61440K, used 25650K [0x00000006c0000000, 0x00000006c3c00000, 0x000000076ab00000)
  object space 61440K, 41% used [0x00000006c0000000,0x00000006c190cb48,0x00000006c3c00000)
 Metaspace       used 6244K, capacity 7152K, committed 7296K, reserved 1056768K
  class space    used 601K, capacity 616K, committed 640K, reserved 1048576K
}
Event: 4.504 GC heap before
{Heap before GC invocations=7 (full 0):
 PSYoungGen      total 204288K, used 202988K [0x000000076ab00000, 0x0000000779000000, 0x00000007c0000000)
  eden space 184832K, 100% used [0x000000076ab00000,0x0000000775f80000,0x0000000775f80000)
  from space 19456K, 93% used [0x0000000777600000,0x00000007787bb060,0x0000000778900000)
  to   space 23040K, 0% used [0x0000000775f80000,0x0000000775f80000,0x0000000777600000)
 ParOldGen       total 61440K, used 25650K [0x00000006c0000000, 0x00000006c3c00000, 0x000000076ab00000)
  object space 61440K, 41% used [0x00000006c0000000,0x00000006c190cb48,0x00000006c3c00000)
 Metaspace       used 6456K, capacity 7280K, committed 7552K, reserved 1056768K
  class space    used 601K, capacity 616K, committed 640K, reserved 1048576K

Deoptimization events (10 events):
Event: 1.383 Thread 0x00007f87e018a000 Uncommon trap: reason=bimorphic action=maybe_recompile pc=0x00007f87d1246f78 method=java.util.HashMap.getNode(ILjava/lang/Object;)Ljava/util/HashMap$Node; @ 126
Event: 1.383 Thread 0x00007f87e018a000 Uncommon trap: reason=unstable_if action=reinterpret pc=0x00007f87d129051c method=com.android.dx.rop.cst.Constant.compareTo(Lcom/android/dx/rop/cst/Constant;)I @ 12
Event: 1.815 Thread 0x00007f87e018b000 Uncommon trap: reason=unstable_if action=reinterpret pc=0x00007f87d12f752c method=com.android.dx.rop.code.RegisterSpec.equals(ILcom/android/dx/rop/type/TypeBearer;Lcom/android/dx/rop/code/LocalItem;)Z @ 42
Event: 2.269 Thread 0x00007f87e0187800 Uncommon trap: reason=unstable_if action=reinterpret pc=0x00007f87d132c10c method=java.util.HashMap.putVal(ILjava/lang/Object;Ljava/lang/Object;ZZ)Ljava/lang/Object; @ 162
Event: 2.280 Thread 0x00007f87e0187800 Uncommon trap: reason=unstable_if action=reinterpret pc=0x00007f87d12f50d4 method=java.util.HashMap.getNode(ILjava/lang/Object;)Ljava/util/HashMap$Node; @ 84
Event: 2.282 Thread 0x00007f87e0187800 Uncommon trap: reason=bimorphic action=maybe_recompile pc=0x00007f87d1248d70 method=java.util.HashMap.getNode(ILjava/lang/Object;)Ljava/util/HashMap$Node; @ 126
Event: 3.467 Thread 0x00007f87e018b000 Uncommon trap: reason=unstable_if action=reinterpret pc=0x00007f87d12e4be0 method=com.android.dx.rop.code.RegisterSpecSet.<init>(I)V @ 2
Event: 3.997 Thread 0x00007f87e018b000 Uncommon trap: reason=unstable_if action=reinterpret pc=0x00007f87d1633010 method=java.util.HashMap.putVal(ILjava/lang/Object;Ljava/lang/Object;ZZ)Ljava/lang/Object; @ 206
Event: 4.464 Thread 0x00007f87e018b000 Uncommon trap: reason=bimorphic action=maybe_recompile pc=0x00007f87d1614bac method=com.android.dx.cf.code.BytecodeArray.parseInstruction(ILcom/android/dx/cf/code/BytecodeArray$Visitor;)I @ 2281
Event: 4.464 Thread 0x00007f87e018b000 Uncommon trap: reason=bimorphic action=maybe_recompile pc=0x00007f87d1614bac method=com.android.dx.cf.code.BytecodeArray.parseInstruction(ILcom/android/dx/cf/code/BytecodeArray$Visitor;)I @ 2281

Classes redefined (0 events):
No events

Internal exceptions (5 events):
Event: 0.033 Thread 0x00007f87e000b800 Exception <a 'java/lang/NoSuchMethodError': Method sun.misc.Unsafe.defineClass(Ljava/lang/String;[BII)Ljava/lang/Class; name or signature does not match> (0x000000076ab07ca8) thrown at [/ssd/Android/AOSP-openjdk-git/jdk8u/hotspot/src/share/vm/prims/jni.cp
Event: 0.033 Thread 0x00007f87e000b800 Exception <a 'java/lang/NoSuchMethodError': Method sun.misc.Unsafe.prefetchRead(Ljava/lang/Object;J)V name or signature does not match> (0x000000076ab07f90) thrown at [/ssd/Android/AOSP-openjdk-git/jdk8u/hotspot/src/share/vm/prims/jni.cpp, line 4011]
Event: 2.278 Thread 0x00007f87e0187800 Exception <a 'java/lang/ArrayIndexOutOfBoundsException': 18> (0x000000076d7fcaa0) thrown at [/ssd/Android/AOSP-openjdk-git/jdk8u/hotspot/src/share/vm/interpreter/interpreterRuntime.cpp, line 366]
Event: 2.278 Thread 0x00007f87e0187800 Exception <a 'java/lang/ArrayIndexOutOfBoundsException': 145> (0x000000076d7fe620) thrown at [/ssd/Android/AOSP-openjdk-git/jdk8u/hotspot/src/share/vm/interpreter/interpreterRuntime.cpp, line 366]
Event: 2.279 Thread 0x00007f87e0187800 Exception <a 'java/lang/ArrayIndexOutOfBoundsException': 40> (0x000000076d7ff908) thrown at [/ssd/Android/AOSP-openjdk-git/jdk8u/hotspot/src/share/vm/interpreter/interpreterRuntime.cpp, line 366]

Events (10 events):
Event: 4.464 Thread 0x00007f87e018b000 DEOPT UNPACKING pc=0x00007f87d1004f69 sp=0x00007f87b6e6abe0 mode 2
Event: 4.469 Thread 0x00007f87e0187800 DEOPT PACKING pc=0x00007f87d12ed1cb sp=0x00007f87b706cc90
Event: 4.469 Thread 0x00007f87e0187800 DEOPT UNPACKING pc=0x00007f87d1046f73 sp=0x00007f87b706ca00 mode 0
Event: 4.470 Thread 0x00007f87e0184000 DEOPT PACKING pc=0x00007f87d13435e7 sp=0x00007f87b726ed50
Event: 4.470 Thread 0x00007f87e0184000 DEOPT UNPACKING pc=0x00007f87d1046f73 sp=0x00007f87b726eb38 mode 0
Event: 4.471 Thread 0x00007f87e018a000 DEOPT PACKING pc=0x00007f87d137716b sp=0x00007f87b6f6c030
Event: 4.471 Thread 0x00007f87e018a000 DEOPT UNPACKING pc=0x00007f87d1046f73 sp=0x00007f87b6f6bd70 mode 0
Event: 4.493 Thread 0x00007f87e018b000 DEOPT PACKING pc=0x00007f87d131b232 sp=0x00007f87b6e6aee0
Event: 4.493 Thread 0x00007f87e018b000 DEOPT UNPACKING pc=0x00007f87d1046f73 sp=0x00007f87b6e6ace0 mode 0
Event: 4.503 Executing VM operation: ParallelGCFailedAllocation


Dynamic libraries:
00400000-00401000 r-xp 00000000 fd:00 411561                             /home/abdelmageed/Downloads/android-studio-ide-171.4443003-linux/android-studio/jre/bin/java
00600000-00601000 r--p 00000000 fd:00 411561                             /home/abdelmageed/Downloads/android-studio-ide-171.4443003-linux/android-studio/jre/bin/java
00601000-00602000 rw-p 00001000 fd:00 411561                             /home/abdelmageed/Downloads/android-studio-ide-171.4443003-linux/android-studio/jre/bin/java
020a5000-020c6000 rw-p 00000000 00:00 0                                  [heap]
6c0000000-6c3c00000 rw-p 00000000 00:00 0 
6c3c00000-76ab00000 ---p 00000000 00:00 0 
76ab00000-779000000 rw-p 00000000 00:00 0 
785f00000-7c0000000 ---p 00000000 00:00 0 
7c0000000-7c00a0000 rw-p 00000000 00:00 0 
7c00a0000-800000000 ---p 00000000 00:00 0 
7f8774000000-7f8774034000 rw-p 00000000 00:00 0 
7f8774034000-7f8778000000 ---p 00000000 00:00 0 
7f8778000000-7f8778023000 rw-p 00000000 00:00 0 
7f8778023000-7f877c000000 ---p 00000000 00:00 0 
7f877c000000-7f877c021000 rw-p 00000000 00:00 0 
7f877c021000-7f8780000000 ---p 00000000 00:00 0 
7f8780000000-7f8780039000 rw-p 00000000 00:00 0 
7f8780039000-7f8784000000 ---p 00000000 00:00 0 
7f8784000000-7f8784021000 rw-p 00000000 00:00 0 
7f8784021000-7f8788000000 ---p 00000000 00:00 0 
7f8788000000-7f878803c000 rw-p 00000000 00:00 0 
7f878803c000-7f878c000000 ---p 00000000 00:00 0 
7f878c000000-7f878cacd000 rw-p 00000000 00:00 0 
7f878cacd000-7f8790000000 ---p 00000000 00:00 0 
7f8790000000-7f8790021000 rw-p 00000000 00:00 0 
7f8790021000-7f8794000000 ---p 00000000 00:00 0 
7f8794000000-7f8794f91000 rw-p 00000000 00:00 0 
7f8794f91000-7f8798000000 ---p 00000000 00:00 0 
7f8798000000-7f879916e000 rw-p 00000000 00:00 0 
7f879916e000-7f879c000000 ---p 00000000 00:00 0 
7f879c000000-7f879c021000 rw-p 00000000 00:00 0 
7f879c021000-7f87a0000000 ---p 00000000 00:00 0 
7f87a1431000-7f87a8000000 r--p 00000000 fd:00 141680                     /usr/lib/locale/locale-archive
7f87a8000000-7f87a8021000 rw-p 00000000 00:00 0 
7f87a8021000-7f87ac000000 ---p 00000000 00:00 0 
7f87ac000000-7f87ac021000 rw-p 00000000 00:00 0 
7f87ac021000-7f87b0000000 ---p 00000000 00:00 0 
7f87b0000000-7f87b02b8000 rw-p 00000000 00:00 0 
7f87b02b8000-7f87b4000000 ---p 00000000 00:00 0 
7f87b6b66000-7f87b6d6c000 rw-p 00000000 00:00 0 
7f87b6d6c000-7f87b6d6f000 ---p 00000000 00:00 0 
7f87b6d6f000-7f87b6e6d000 rw-p 00000000 00:00 0 
7f87b6e6d000-7f87b6e70000 ---p 00000000 00:00 0 
7f87b6e70000-7f87b6f6e000 rw-p 00000000 00:00 0 
7f87b6f6e000-7f87b6f71000 ---p 00000000 00:00 0 
7f87b6f71000-7f87b706f000 rw-p 00000000 00:00 0 
7f87b706f000-7f87b7072000 ---p 00000000 00:00 0 
7f87b7072000-7f87b7170000 rw-p 00000000 00:00 0 
7f87b7170000-7f87b7173000 ---p 00000000 00:00 0 
7f87b7173000-7f87b7271000 rw-p 00000000 00:00 0 
7f87b7271000-7f87b72f3000 r--s 0063f000 fd:00 493759                     /home/abdelmageed/AndroidStudioProjects/BuyBuyApp/app/build/intermediates/transforms/jarMerging/release/0.jar
7f87b72f3000-7f87b72f4000 ---p 00000000 00:00 0 
7f87b72f4000-7f87b73f4000 rw-p 00000000 00:00 0 
7f87b73f4000-7f87b73f7000 ---p 00000000 00:00 0 
7f87b73f7000-7f87b74f5000 rw-p 00000000 00:00 0 
7f87b74f5000-7f87b74f8000 ---p 00000000 00:00 0 
7f87b74f8000-7f87b75f6000 rw-p 00000000 00:00 0 
7f87b75f6000-7f87b75f9000 ---p 00000000 00:00 0 
7f87b75f9000-7f87b76f7000 rw-p 00000000 00:00 0 
7f87b76f7000-7f87b76fa000 ---p 00000000 00:00 0 
7f87b76fa000-7f87b77f8000 rw-p 00000000 00:00 0 
7f87b77f8000-7f87b77fb000 ---p 00000000 00:00 0 
7f87b77fb000-7f87b78f9000 rw-p 00000000 00:00 0 
7f87b78f9000-7f87b78fc000 ---p 00000000 00:00 0 
7f87b78fc000-7f87b79fa000 rw-p 00000000 00:00 0 
7f87b79fa000-7f87b79fd000 ---p 00000000 00:00 0 
7f87b79fd000-7f87b7afb000 rw-p 00000000 00:00 0 
7f87b7afb000-7f87b7afc000 ---p 00000000 00:00 0 
7f87b7afc000-7f87c0000000 rw-p 00000000 00:00 0 
7f87c0000000-7f87c0021000 rw-p 00000000 00:00 0 
7f87c0021000-7f87c4000000 ---p 00000000 00:00 0 
7f87c4000000-7f87c4021000 rw-p 00000000 00:00 0 
7f87c4021000-7f87c8000000 ---p 00000000 00:00 0 
7f87c8000000-7f87c8021000 rw-p 00000000 00:00 0 
7f87c8021000-7f87cc000000 ---p 00000000 00:00 0 
7f87cc000000-7f87cc021000 rw-p 00000000 00:00 0 
7f87cc021000-7f87d0000000 ---p 00000000 00:00 0 
7f87d0075000-7f87d0ec0000 rw-p 00000000 00:00 0 
7f87d0ec0000-7f87d1000000 ---p 00000000 00:00 0 
7f87d1000000-7f87d1750000 rwxp 00000000 00:00 0 
7f87d1750000-7f87e0000000 ---p 00000000 00:00 0 
7f87e0000000-7f87e039b000 rw-p 00000000 00:00 0 
7f87e039b000-7f87e4000000 ---p 00000000 00:00 0 
7f87e400e000-7f87e4481000 rw-p 00000000 00:00 0 
7f87e4481000-7f87e4651000 r--s 03c46000 fd:00 411640                     /home/abdelmageed/Downloads/android-studio-ide-171.4443003-linux/android-studio/jre/jre/lib/rt.jar
7f87e4651000-7f87e4ec7000 rw-p 00000000 00:00 0 
7f87e4ec7000-7f87e4ec8000 ---p 00000000 00:00 0 
7f87e4ec8000-7f87e4fc8000 rw-p 00000000 00:00 0 
7f87e4fc8000-7f87e4fc9000 ---p 00000000 00:00 0 
7f87e4fc9000-7f87e50c9000 rw-p 00000000 00:00 0 
7f87e50c9000-7f87e50ca000 ---p 00000000 00:00 0 
7f87e50ca000-7f87e51ca000 rw-p 00000000 00:00 0 
7f87e51ca000-7f87e51cb000 ---p 00000000 00:00 0 
7f87e51cb000-7f87e52e9000 rw-p 00000000 00:00 0 
7f87e52e9000-7f87e5821000 ---p 00000000 00:00 0 
7f87e5821000-7f87e583f000 rw-p 00000000 00:00 0 
7f87e583f000-7f87e5d76000 ---p 00000000 00:00 0 
7f87e5d76000-7f87e5de9000 rw-p 00000000 00:00 0 
7f87e5de9000-7f87e6021000 ---p 00000000 00:00 0 
7f87e6021000-7f87e6040000 rw-p 00000000 00:00 0 
7f87e6040000-7f87e63e2000 ---p 00000000 00:00 0 
7f87e63e2000-7f87e63fc000 r-xp 00000000 fd:00 411661                     /home/abdelmageed/Downloads/android-studio-ide-171.4443003-linux/android-studio/jre/jre/lib/amd64/libzip.so
7f87e63fc000-7f87e65fc000 ---p 0001a000 fd:00 411661                     /home/abdelmageed/Downloads/android-studio-ide-171.4443003-linux/android-studio/jre/jre/lib/amd64/libzip.so
7f87e65fc000-7f87e65fd000 r--p 0001a000 fd:00 411661                     /home/abdelmageed/Downloads/android-studio-ide-171.4443003-linux/android-studio/jre/jre/lib/amd64/libzip.so
7f87e65fd000-7f87e65fe000 rw-p 0001b000 fd:00 411661                     /home/abdelmageed/Downloads/android-studio-ide-171.4443003-linux/android-studio/jre/jre/lib/amd64/libzip.so
7f87e65fe000-7f87e6e03000 r--s 00000000 fd:00 1585058                    /var/lib/sss/mc/passwd
7f87e6e03000-7f87e6e0b000 r-xp 00000000 fd:00 144927                     /usr/lib64/libnss_sss.so.2
7f87e6e0b000-7f87e700a000 ---p 00008000 fd:00 144927                     /usr/lib64/libnss_sss.so.2
7f87e700a000-7f87e700b000 r--p 00007000 fd:00 144927                     /usr/lib64/libnss_sss.so.2
7f87e700b000-7f87e700c000 rw-p 00008000 fd:00 144927                     /usr/lib64/libnss_sss.so.2
7f87e700c000-7f87e7039000 r-xp 00000000 fd:00 411660                     /home/abdelmageed/Downloads/android-studio-ide-171.4443003-linux/android-studio/jre/jre/lib/amd64/libjava.so
7f87e7039000-7f87e7238000 ---p 0002d000 fd:00 411660                     /home/abdelmageed/Downloads/android-studio-ide-171.4443003-linux/android-studio/jre/jre/lib/amd64/libjava.so
7f87e7238000-7f87e7239000 r--p 0002c000 fd:00 411660                     /home/abdelmageed/Downloads/android-studio-ide-171.4443003-linux/android-studio/jre/jre/lib/amd64/libjava.so
7f87e7239000-7f87e723b000 rw-p 0002d000 fd:00 411660                     /home/abdelmageed/Downloads/android-studio-ide-171.4443003-linux/android-studio/jre/jre/lib/amd64/libjava.so
7f87e723b000-7f87e724b000 r-xp 00000000 fd:00 411666                     /home/abdelmageed/Downloads/android-studio-ide-171.4443003-linux/android-studio/jre/jre/lib/amd64/libverify.so
7f87e724b000-7f87e744a000 ---p 00010000 fd:00 411666                     /home/abdelmageed/Downloads/android-studio-ide-171.4443003-linux/android-studio/jre/jre/lib/amd64/libverify.so
7f87e744a000-7f87e744c000 r--p 0000f000 fd:00 411666                     /home/abdelmageed/Downloads/android-studio-ide-171.4443003-linux/android-studio/jre/jre/lib/amd64/libverify.so
7f87e744c000-7f87e744d000 rw-p 00011000 fd:00 411666                     /home/abdelmageed/Downloads/android-studio-ide-171.4443003-linux/android-studio/jre/jre/lib/amd64/libverify.so
7f87e744d000-7f87e7454000 r-xp 00000000 fd:00 145057                     /usr/lib64/librt-2.26.so
7f87e7454000-7f87e7653000 ---p 00007000 fd:00 145057                     /usr/lib64/librt-2.26.so
7f87e7653000-7f87e7654000 r--p 00006000 fd:00 145057                     /usr/lib64/librt-2.26.so
7f87e7654000-7f87e7655000 rw-p 00007000 fd:00 145057                     /usr/lib64/librt-2.26.so
7f87e7655000-7f87e77a9000 r-xp 00000000 fd:00 144839                     /usr/lib64/libm-2.26.so
7f87e77a9000-7f87e79a8000 ---p 00154000 fd:00 144839                     /usr/lib64/libm-2.26.so
7f87e79a8000-7f87e79a9000 r--p 00153000 fd:00 144839                     /usr/lib64/libm-2.26.so
7f87e79a9000-7f87e79aa000 rw-p 00154000 fd:00 144839                     /usr/lib64/libm-2.26.so
7f87e79aa000-7f87e85a2000 r-xp 00000000 fd:00 411670                     /home/abdelmageed/Downloads/android-studio-ide-171.4443003-linux/android-studio/jre/jre/lib/amd64/server/libjvm.so
7f87e85a2000-7f87e87a2000 ---p 00bf8000 fd:00 411670                     /home/abdelmageed/Downloads/android-studio-ide-171.4443003-linux/android-studio/jre/jre/lib/amd64/server/libjvm.so
7f87e87a2000-7f87e8841000 r--p 00bf8000 fd:00 411670                     /home/abdelmageed/Downloads/android-studio-ide-171.4443003-linux/android-studio/jre/jre/lib/amd64/server/libjvm.so
7f87e8841000-7f87e886a000 rw-p 00c97000 fd:00 411670                     /home/abdelmageed/Downloads/android-studio-ide-171.4443003-linux/android-studio/jre/jre/lib/amd64/server/libjvm.so
7f87e886a000-7f87e88ae000 rw-p 00000000 00:00 0 
7f87e88ae000-7f87e88c8000 r-xp 00000000 fd:00 145010                     /usr/lib64/libpthread-2.26.so
7f87e88c8000-7f87e8ac7000 ---p 0001a000 fd:00 145010                     /usr/lib64/libpthread-2.26.so
7f87e8ac7000-7f87e8ac8000 r--p 00019000 fd:00 145010                     /usr/lib64/libpthread-2.26.so
7f87e8ac8000-7f87e8ac9000 rw-p 0001a000 fd:00 145010                     /usr/lib64/libpthread-2.26.so
7f87e8ac9000-7f87e8acd000 rw-p 00000000 00:00 0 
7f87e8acd000-7f87e8ad0000 r-xp 00000000 fd:00 144505                     /usr/lib64/libdl-2.26.so
7f87e8ad0000-7f87e8ccf000 ---p 00003000 fd:00 144505                     /usr/lib64/libdl-2.26.so
7f87e8ccf000-7f87e8cd0000 r--p 00002000 fd:00 144505                     /usr/lib64/libdl-2.26.so
7f87e8cd0000-7f87e8cd1000 rw-p 00003000 fd:00 144505                     /usr/lib64/libdl-2.26.so
7f87e8cd1000-7f87e8eac000 r-xp 00000000 fd:00 144415                     /usr/lib64/libc-2.26.so
7f87e8eac000-7f87e90ac000 ---p 001db000 fd:00 144415                     /usr/lib64/libc-2.26.so
7f87e90ac000-7f87e90b0000 r--p 001db000 fd:00 144415                     /usr/lib64/libc-2.26.so
7f87e90b0000-7f87e90b2000 rw-p 001df000 fd:00 144415                     /usr/lib64/libc-2.26.so
7f87e90b2000-7f87e90b6000 rw-p 00000000 00:00 0 
7f87e90b6000-7f87e90cc000 r-xp 00000000 fd:00 411609                     /home/abdelmageed/Downloads/android-studio-ide-171.4443003-linux/android-studio/jre/lib/amd64/jli/libjli.so
7f87e90cc000-7f87e92cb000 ---p 00016000 fd:00 411609                     /home/abdelmageed/Downloads/android-studio-ide-171.4443003-linux/android-studio/jre/lib/amd64/jli/libjli.so
7f87e92cb000-7f87e92cc000 r--p 00015000 fd:00 411609                     /home/abdelmageed/Downloads/android-studio-ide-171.4443003-linux/android-studio/jre/lib/amd64/jli/libjli.so
7f87e92cc000-7f87e92cd000 rw-p 00016000 fd:00 411609                     /home/abdelmageed/Downloads/android-studio-ide-171.4443003-linux/android-studio/jre/lib/amd64/jli/libjli.so
7f87e92cd000-7f87e92f5000 r-xp 00000000 fd:00 144241                     /usr/lib64/ld-2.26.so
7f87e92fd000-7f87e93d0000 rw-p 00000000 00:00 0 
7f87e93d0000-7f87e93d3000 ---p 00000000 00:00 0 
7f87e93d3000-7f87e94d6000 rw-p 00000000 00:00 0 
7f87e94d9000-7f87e94e8000 r--s 000ed000 fd:00 812418                     /home/abdelmageed/Android/Sdk/build-tools/26.0.2/lib/dx.jar
7f87e94e8000-7f87e94f0000 rw-s 00000000 00:28 264982                     /tmp/hsperfdata_abdelmageed/7647
7f87e94f0000-7f87e94f1000 rw-p 00000000 00:00 0 
7f87e94f1000-7f87e94f2000 ---p 00000000 00:00 0 
7f87e94f2000-7f87e94f4000 rw-p 00000000 00:00 0 
7f87e94f4000-7f87e94f5000 r--p 00027000 fd:00 144241                     /usr/lib64/ld-2.26.so
7f87e94f5000-7f87e94f6000 rw-p 00028000 fd:00 144241                     /usr/lib64/ld-2.26.so
7f87e94f6000-7f87e94f7000 rw-p 00000000 00:00 0 
7ffed50db000-7ffed50fc000 rw-p 00000000 00:00 0                          [stack]
7ffed51dc000-7ffed51df000 r--p 00000000 00:00 0                          [vvar]
7ffed51df000-7ffed51e1000 r-xp 00000000 00:00 0                          [vdso]
ffffffffff600000-ffffffffff601000 r-xp 00000000 00:00 0                  [vsyscall]

VM Arguments:
jvm_args: -Djava.awt.headless=true -Xmx4g -Dfile.encoding=UTF-8 -Duser.country=US -Duser.language=en -Duser.variant 
java_command: com.android.dx.command.Main --dex --num-threads=4 --multi-dex --main-dex-list /home/abdelmageed/AndroidStudioProjects/BuyBuyApp/app/build/intermediates/multi-dex/release/maindexlist.txt --output /home/abdelmageed/AndroidStudioProjects/BuyBuyApp/app/build/intermediates/transforms/dex/release/0 --min-sdk-version 16 /home/abdelmageed/AndroidStudioProjects/BuyBuyApp/app/build/intermediates/transforms/jarMerging/release/0.jar
java_class_path (initial): /home/abdelmageed/Android/Sdk/build-tools/26.0.2/lib/dx.jar
Launcher Type: SUN_STANDARD

Environment Variables:
PATH=/usr/local/bin:/usr/local/sbin:/usr/bin:/usr/sbin:/home/abdelmageed/.local/bin:/home/abdelmageed/bin
USERNAME=abdelmageed
LD_LIBRARY_PATH=/home/abdelmageed/Downloads/android-studio-ide-171.4443003-linux/android-studio/bin:
SHELL=/bin/bash
DISPLAY=:0

Signal Handlers:
SIGSEGV: [libjvm.so+0x9ebc60], sa_mask[0]=11111111011111111101111111111110, sa_flags=SA_RESTART|SA_SIGINFO
SIGBUS: [libjvm.so+0x9ebc60], sa_mask[0]=11111111011111111101111111111110, sa_flags=SA_RESTART|SA_SIGINFO
SIGFPE: [libjvm.so+0x84cf60], sa_mask[0]=11111111011111111101111111111110, sa_flags=SA_RESTART|SA_SIGINFO
SIGPIPE: [libjvm.so+0x84cf60], sa_mask[0]=11111111011111111101111111111110, sa_flags=SA_RESTART|SA_SIGINFO
SIGXFSZ: [libjvm.so+0x84cf60], sa_mask[0]=11111111011111111101111111111110, sa_flags=SA_RESTART|SA_SIGINFO
SIGILL: [libjvm.so+0x84cf60], sa_mask[0]=11111111011111111101111111111110, sa_flags=SA_RESTART|SA_SIGINFO
SIGUSR1: SIG_DFL, sa_mask[0]=00000000000000000000000000000000, sa_flags=none
SIGUSR2: [libjvm.so+0x84ce30], sa_mask[0]=00100000000000000000000000000000, sa_flags=SA_RESTART|SA_SIGINFO
SIGHUP: [libjvm.so+0x84d020], sa_mask[0]=11111111011111111101111111111110, sa_flags=SA_RESTART|SA_SIGINFO
SIGINT: [libjvm.so+0x84d020], sa_mask[0]=11111111011111111101111111111110, sa_flags=SA_RESTART|SA_SIGINFO
SIGTERM: [libjvm.so+0x84d020], sa_mask[0]=11111111011111111101111111111110, sa_flags=SA_RESTART|SA_SIGINFO
SIGQUIT: [libjvm.so+0x84d020], sa_mask[0]=11111111011111111101111111111110, sa_flags=SA_RESTART|SA_SIGINFO


---------------  S Y S T E M  ---------------

OS:Fedora release 27 (Twenty Seven)

uname:Linux 4.13.9-300.fc27.x86_64 #1 SMP Mon Oct 23 13:41:58 UTC 2017 x86_64
libc:glibc 2.26 NPTL 2.26 
rlimit: STACK 8192k, CORE infinity, NPROC 22679, NOFILE 4096, AS infinity
load average:3.30 2.72 4.08

/proc/meminfo:
MemTotal:        5832504 kB
MemFree:          117320 kB
MemAvailable:      79608 kB
Buffers:           19248 kB
Cached:           448560 kB
SwapCached:            0 kB
Active:          5036920 kB
Inactive:         405588 kB
Active(anon):    4976552 kB
Inactive(anon):   347876 kB
Active(file):      60368 kB
Inactive(file):    57712 kB
Unevictable:         212 kB
Mlocked:             212 kB
SwapTotal:             0 kB
SwapFree:              0 kB
Dirty:               676 kB
Writeback:             0 kB
AnonPages:       4975016 kB
Mapped:           101932 kB
Shmem:            349676 kB
Slab:             131312 kB
SReclaimable:      63088 kB
SUnreclaim:        68224 kB
KernelStack:       12512 kB
PageTables:        71736 kB
NFS_Unstable:          0 kB
Bounce:                0 kB
WritebackTmp:          0 kB
CommitLimit:     2916252 kB
Committed_AS:    9831140 kB
VmallocTotal:   34359738367 kB
VmallocUsed:           0 kB
VmallocChunk:          0 kB
HardwareCorrupted:     0 kB
AnonHugePages:         0 kB
ShmemHugePages:        0 kB
ShmemPmdMapped:        0 kB
CmaTotal:              0 kB
CmaFree:               0 kB
HugePages_Total:       0
HugePages_Free:        0
HugePages_Rsvd:        0
HugePages_Surp:        0
Hugepagesize:       2048 kB
DirectMap4k:      205632 kB
DirectMap2M:     5808128 kB


CPU:total 4 (initial active 4) (2 cores per cpu, 2 threads per core) family 6 model 37 stepping 2, cmov, cx8, fxsr, mmx, sse, sse2, sse3, ssse3, sse4.1, sse4.2, popcnt, aes, clmul, ht, tsc, tscinvbit

/proc/cpuinfo:
processor	: 0
vendor_id	: GenuineIntel
cpu family	: 6
model		: 37
model name	: Intel(R) Core(TM) i5 CPU       M 520  @ 2.40GHz
stepping	: 2
microcode	: 0xe
cpu MHz		: 2393.972
cache size	: 3072 KB
physical id	: 0
siblings	: 4
core id		: 0
cpu cores	: 2
apicid		: 0
initial apicid	: 0
fpu		: yes
fpu_exception	: yes
cpuid level	: 11
wp		: yes
flags		: fpu vme de pse tsc msr pae mce cx8 apic sep mtrr pge mca cmov pat pse36 clflush dts acpi mmx fxsr sse sse2 ss ht tm pbe syscall nx rdtscp lm constant_tsc arch_perfmon pebs bts rep_good nopl xtopology nonstop_tsc cpuid aperfmperf pni pclmulqdq dtes64 monitor ds_cpl vmx smx est tm2 ssse3 cx16 xtpr pdcm sse4_1 sse4_2 popcnt aes lahf_lm tpr_shadow vnmi flexpriority ept vpid dtherm ida arat
bugs		:
bogomips	: 4787.94
clflush size	: 64
cache_alignment	: 64
address sizes	: 36 bits physical, 48 bits virtual
power management:

processor	: 1
vendor_id	: GenuineIntel
cpu family	: 6
model		: 37
model name	: Intel(R) Core(TM) i5 CPU       M 520  @ 2.40GHz
stepping	: 2
microcode	: 0xe
cpu MHz		: 2393.972
cache size	: 3072 KB
physical id	: 0
siblings	: 4
core id		: 0
cpu cores	: 2
apicid		: 1
initial apicid	: 1
fpu		: yes
fpu_exception	: yes
cpuid level	: 11
wp		: yes
flags		: fpu vme de pse tsc msr pae mce cx8 apic sep mtrr pge mca cmov pat pse36 clflush dts acpi mmx fxsr sse sse2 ss ht tm pbe syscall nx rdtscp lm constant_tsc arch_perfmon pebs bts rep_good nopl xtopology nonstop_tsc cpuid aperfmperf pni pclmulqdq dtes64 monitor ds_cpl vmx smx est tm2 ssse3 cx16 xtpr pdcm sse4_1 sse4_2 popcnt aes lahf_lm tpr_shadow vnmi flexpriority ept vpid dtherm ida arat
bugs		:
bogomips	: 4787.71
clflush size	: 64
cache_alignment	: 64
address sizes	: 36 bits physical, 48 bits virtual
power management:

processor	: 2
vendor_id	: GenuineIntel
cpu family	: 6
model		: 37
model name	: Intel(R) Core(TM) i5 CPU       M 520  @ 2.40GHz
stepping	: 2
microcode	: 0xe
cpu MHz		: 2393.972
cache size	: 3072 KB
physical id	: 0
siblings	: 4
core id		: 2
cpu cores	: 2
apicid		: 4
initial apicid	: 4
fpu		: yes
fpu_exception	: yes
cpuid level	: 11
wp		: yes
flags		: fpu vme de pse tsc msr pae mce cx8 apic sep mtrr pge mca cmov pat pse36 clflush dts acpi mmx fxsr sse sse2 ss ht tm pbe syscall nx rdtscp lm constant_tsc arch_perfmon pebs bts rep_good nopl xtopology nonstop_tsc cpuid aperfmperf pni pclmulqdq dtes64 monitor ds_cpl vmx smx est tm2 ssse3 cx16 xtpr pdcm sse4_1 sse4_2 popcnt aes lahf_lm tpr_shadow vnmi flexpriority ept vpid dtherm ida arat
bugs		:
bogomips	: 4787.74
clflush size	: 64
cache_alignment	: 64
address sizes	: 36 bits physical, 48 bits virtual
power management:

processor	: 3
vendor_id	: GenuineIntel
cpu family	: 6
model		: 37
model name	: Intel(R) Core(TM) i5 CPU       M 520  @ 2.40GHz
stepping	: 2
microcode	: 0xe
cpu MHz		: 2393.972
cache size	: 3072 KB
physical id	: 0
siblings	: 4
core id		: 2
cpu cores	: 2
apicid		: 5
initial apicid	: 5
fpu		: yes
fpu_exception	: yes
cpuid level	: 11
wp		: yes
flags		: fpu vme de pse tsc msr pae mce cx8 apic sep mtrr pge mca cmov pat pse36 clflush dts acpi mmx fxsr sse sse2 ss ht tm pbe syscall nx rdtscp lm constant_tsc arch_perfmon pebs bts rep_good nopl xtopology nonstop_tsc cpuid aperfmperf pni pclmulqdq dtes64 monitor ds_cpl vmx smx est tm2 ssse3 cx16 xtpr pdcm sse4_1 sse4_2 popcnt aes lahf_lm tpr_shadow vnmi flexpriority ept vpid dtherm ida arat
bugs		:
bogomips	: 4787.74
clflush size	: 64
cache_alignment	: 64
address sizes	: 36 bits physical, 48 bits virtual
power management:



Memory: 4k page, physical 5832504k(117320k free), swap 0k(0k free)

vm_info: OpenJDK 64-Bit Server VM (25.152-b01) for linux-amd64 JRE (1.8.0_152-release-915-b01), built by "builder" with gcc 4.8.4

time: Sat Apr  7 11:19:51 2018
elapsed time: 4 seconds (0d 0h 0m 4s)

